[0.006s] Invoking command in '/home/taishawn/ros2bot_ws/build/ros_2_bot_cpp': /usr/bin/cmake /home/taishawn/ros2bot_ws/src/ros_2_bot_cpp -DCMAKE_INSTALL_PREFIX=/home/taishawn/ros2bot_ws/install/ros_2_bot_cpp
[0.015s] -- Found ament_cmake: 1.3.10 (/opt/ros/humble/share/ament_cmake/cmake)
[0.091s] -- Found rclcpp: 16.0.10 (/opt/ros/humble/share/rclcpp/cmake)
[0.108s] -- Found rosidl_generator_c: 3.1.5 (/opt/ros/humble/share/rosidl_generator_c/cmake)
[0.110s] -- Found rosidl_adapter: 3.1.5 (/opt/ros/humble/share/rosidl_adapter/cmake)
[0.113s] -- Found rosidl_generator_cpp: 3.1.5 (/opt/ros/humble/share/rosidl_generator_cpp/cmake)
[0.119s] [31mCMake Error at /opt/ros/humble/share/rosidl_typesupport_c/cmake/get_used_typesupports.cmake:35 (message):
[0.119s]   No 'rosidl_typesupport_c' found
[0.119s] Call Stack (most recent call first):
[0.119s]   /opt/ros/humble/share/rosidl_typesupport_c/cmake/rosidl_typesupport_c-extras.cmake:8 (get_used_typesupports)
[0.119s]   /opt/ros/humble/share/rosidl_typesupport_c/cmake/rosidl_typesupport_cConfig.cmake:41 (include)
[0.119s]   /opt/ros/humble/share/builtin_interfaces/cmake/ament_cmake_export_dependencies-extras.cmake:21 (find_package)
[0.119s]   /opt/ros/humble/share/builtin_interfaces/cmake/builtin_interfacesConfig.cmake:41 (include)
[0.119s]   /opt/ros/humble/share/libstatistics_collector/cmake/ament_cmake_export_dependencies-extras.cmake:21 (find_package)
[0.119s]   /opt/ros/humble/share/libstatistics_collector/cmake/libstatistics_collectorConfig.cmake:41 (include)
[0.119s]   /opt/ros/humble/share/rclcpp/cmake/ament_cmake_export_dependencies-extras.cmake:21 (find_package)
[0.119s]   /opt/ros/humble/share/rclcpp/cmake/rclcppConfig.cmake:41 (include)
[0.119s]   CMakeLists.txt:10 (find_package)
[0.119s] 
[0.119s] [0m
[0.119s] -- Configuring incomplete, errors occurred!
[0.119s] See also "/home/taishawn/ros2bot_ws/build/ros_2_bot_cpp/CMakeFiles/CMakeOutput.log".
[0.123s] Invoked command in '/home/taishawn/ros2bot_ws/build/ros_2_bot_cpp' returned '1': /usr/bin/cmake /home/taishawn/ros2bot_ws/src/ros_2_bot_cpp -DCMAKE_INSTALL_PREFIX=/home/taishawn/ros2bot_ws/install/ros_2_bot_cpp
