[0.008s] Invoking command in '/home/taishawn/ros2bot_ws/build/ros_2_bot_cpp': CMAKE_PREFIX_PATH=/opt/ros/humble: /usr/bin/cmake /home/taishawn/ros2bot_ws/src/ros_2_bot_cpp -DCMAKE_INSTALL_PREFIX=/home/taishawn/ros2bot_ws/install/ros_2_bot_cpp
[0.016s] -- Found ament_cmake: 1.3.10 (/opt/ros/humble/share/ament_cmake/cmake)
[0.091s] -- Found rclcpp: 16.0.10 (/opt/ros/humble/share/rclcpp/cmake)
[0.108s] -- Found rosidl_generator_c: 3.1.5 (/opt/ros/humble/share/rosidl_generator_c/cmake)
[0.110s] -- Found rosidl_adapter: 3.1.5 (/opt/ros/humble/share/rosidl_adapter/cmake)
[0.113s] -- Found rosidl_generator_cpp: 3.1.5 (/opt/ros/humble/share/rosidl_generator_cpp/cmake)
[0.119s] -- Using all available rosidl_typesupport_c: rosidl_typesupport_fastrtps_c;rosidl_typesupport_introspection_c
[0.129s] -- Using all available rosidl_typesupport_cpp: rosidl_typesupport_fastrtps_cpp;rosidl_typesupport_introspection_cpp
[0.156s] -- Found rmw_implementation_cmake: 6.1.2 (/opt/ros/humble/share/rmw_implementation_cmake/cmake)
[0.157s] -- Found rmw_fastrtps_cpp: 6.2.7 (/opt/ros/humble/share/rmw_fastrtps_cpp/cmake)
[0.225s] -- Found OpenSSL: /usr/lib/x86_64-linux-gnu/libcrypto.so (found version "3.0.2")  
[0.245s] -- Found FastRTPS: /opt/ros/humble/include  
[0.275s] -- Using RMW implementation 'rmw_fastrtps_cpp' as default
[0.281s] -- Looking for pthread.h
[0.335s] -- Looking for pthread.h - found
[0.335s] -- Performing Test CMAKE_HAVE_LIBC_PTHREAD
[0.387s] -- Performing Test CMAKE_HAVE_LIBC_PTHREAD - Success
[0.387s] -- Found Threads: TRUE  
[0.420s] -- Found ament_lint_auto: 0.12.11 (/opt/ros/humble/share/ament_lint_auto/cmake)
[0.466s] -- Added test 'cppcheck' to perform static code analysis on C / C++ code
[0.466s] -- Configured cppcheck include dirs: 
[0.466s] -- Configured cppcheck exclude dirs and/or files: 
[0.467s] -- Added test 'lint_cmake' to check CMake code style
[0.467s] -- Added test 'uncrustify' to check C / C++ code style
[0.467s] -- Configured uncrustify additional arguments: 
[0.468s] -- Added test 'xmllint' to check XML markup files
[0.468s] -- Configuring done
[0.476s] -- Generating done
[0.477s] -- Build files have been written to: /home/taishawn/ros2bot_ws/build/ros_2_bot_cpp
[0.483s] Invoked command in '/home/taishawn/ros2bot_ws/build/ros_2_bot_cpp' returned '0': CMAKE_PREFIX_PATH=/opt/ros/humble: /usr/bin/cmake /home/taishawn/ros2bot_ws/src/ros_2_bot_cpp -DCMAKE_INSTALL_PREFIX=/home/taishawn/ros2bot_ws/install/ros_2_bot_cpp
[0.484s] Invoking command in '/home/taishawn/ros2bot_ws/build/ros_2_bot_cpp': CMAKE_PREFIX_PATH=/opt/ros/humble: /usr/bin/cmake --build /home/taishawn/ros2bot_ws/build/ros_2_bot_cpp -- -j24 -l24
[0.515s] [ 25%] [32mBuilding CXX object CMakeFiles/simple_subscriber.dir/src/simple_subscriber.cpp.o[0m
[0.515s] [ 50%] [32mBuilding CXX object CMakeFiles/simple_publisher.dir/src/simple_publisher.cpp.o[0m
[2.640s] [ 75%] [32m[1mLinking CXX executable simple_publisher[0m
[2.728s] [ 75%] Built target simple_publisher
[4.644s] [100%] [32m[1mLinking CXX executable simple_subscriber[0m
[4.819s] [100%] Built target simple_subscriber
[4.827s] Invoked command in '/home/taishawn/ros2bot_ws/build/ros_2_bot_cpp' returned '0': CMAKE_PREFIX_PATH=/opt/ros/humble: /usr/bin/cmake --build /home/taishawn/ros2bot_ws/build/ros_2_bot_cpp -- -j24 -l24
[4.844s] Invoking command in '/home/taishawn/ros2bot_ws/build/ros_2_bot_cpp': CMAKE_PREFIX_PATH=/opt/ros/humble: /usr/bin/cmake --install /home/taishawn/ros2bot_ws/build/ros_2_bot_cpp
[4.849s] -- Install configuration: ""
[4.850s] -- Installing: /home/taishawn/ros2bot_ws/install/ros_2_bot_cpp/lib/ros_2_bot_cpp/simple_publisher
[4.851s] -- Set runtime path of "/home/taishawn/ros2bot_ws/install/ros_2_bot_cpp/lib/ros_2_bot_cpp/simple_publisher" to ""
[4.851s] -- Installing: /home/taishawn/ros2bot_ws/install/ros_2_bot_cpp/lib/ros_2_bot_cpp/simple_subscriber
[4.854s] -- Set runtime path of "/home/taishawn/ros2bot_ws/install/ros_2_bot_cpp/lib/ros_2_bot_cpp/simple_subscriber" to ""
[4.854s] -- Installing: /home/taishawn/ros2bot_ws/install/ros_2_bot_cpp/share/ament_index/resource_index/package_run_dependencies/ros_2_bot_cpp
[4.855s] -- Installing: /home/taishawn/ros2bot_ws/install/ros_2_bot_cpp/share/ament_index/resource_index/parent_prefix_path/ros_2_bot_cpp
[4.855s] -- Installing: /home/taishawn/ros2bot_ws/install/ros_2_bot_cpp/share/ros_2_bot_cpp/environment/ament_prefix_path.sh
[4.855s] -- Installing: /home/taishawn/ros2bot_ws/install/ros_2_bot_cpp/share/ros_2_bot_cpp/environment/ament_prefix_path.dsv
[4.855s] -- Installing: /home/taishawn/ros2bot_ws/install/ros_2_bot_cpp/share/ros_2_bot_cpp/environment/path.sh
[4.855s] -- Installing: /home/taishawn/ros2bot_ws/install/ros_2_bot_cpp/share/ros_2_bot_cpp/environment/path.dsv
[4.855s] -- Installing: /home/taishawn/ros2bot_ws/install/ros_2_bot_cpp/share/ros_2_bot_cpp/local_setup.bash
[4.855s] -- Installing: /home/taishawn/ros2bot_ws/install/ros_2_bot_cpp/share/ros_2_bot_cpp/local_setup.sh
[4.855s] -- Installing: /home/taishawn/ros2bot_ws/install/ros_2_bot_cpp/share/ros_2_bot_cpp/local_setup.zsh
[4.855s] -- Installing: /home/taishawn/ros2bot_ws/install/ros_2_bot_cpp/share/ros_2_bot_cpp/local_setup.dsv
[4.855s] -- Installing: /home/taishawn/ros2bot_ws/install/ros_2_bot_cpp/share/ros_2_bot_cpp/package.dsv
[4.856s] -- Installing: /home/taishawn/ros2bot_ws/install/ros_2_bot_cpp/share/ament_index/resource_index/packages/ros_2_bot_cpp
[4.856s] -- Installing: /home/taishawn/ros2bot_ws/install/ros_2_bot_cpp/share/ros_2_bot_cpp/cmake/ros_2_bot_cppConfig.cmake
[4.856s] -- Installing: /home/taishawn/ros2bot_ws/install/ros_2_bot_cpp/share/ros_2_bot_cpp/cmake/ros_2_bot_cppConfig-version.cmake
[4.856s] -- Installing: /home/taishawn/ros2bot_ws/install/ros_2_bot_cpp/share/ros_2_bot_cpp/package.xml
[4.858s] Invoked command in '/home/taishawn/ros2bot_ws/build/ros_2_bot_cpp' returned '0': CMAKE_PREFIX_PATH=/opt/ros/humble: /usr/bin/cmake --install /home/taishawn/ros2bot_ws/build/ros_2_bot_cpp
