[0.045s] DEBUG:colcon:Command line arguments: ['/usr/bin/colcon', 'build']
[0.045s] DEBUG:colcon:Parsed command line arguments: Namespace(log_base=None, log_level=None, verb_name='build', build_base='build', install_base='install', merge_install=False, symlink_install=False, test_result_base=None, continue_on_error=False, executor='parallel', parallel_workers=24, event_handlers=None, ignore_user_meta=False, metas=['./colcon.meta'], base_paths=['.'], packages_ignore=None, packages_ignore_regex=None, paths=None, packages_up_to=None, packages_up_to_regex=None, packages_above=None, packages_above_and_dependencies=None, packages_above_depth=None, packages_select_by_dep=None, packages_skip_by_dep=None, packages_skip_up_to=None, packages_select_build_failed=False, packages_skip_build_finished=False, packages_select_test_failures=False, packages_skip_test_passed=False, packages_select=None, packages_skip=None, packages_select_regex=None, packages_skip_regex=None, packages_start=None, packages_end=None, allow_overriding=[], cmake_args=None, cmake_target=None, cmake_target_skip_unavailable=False, cmake_clean_cache=False, cmake_clean_first=False, cmake_force_configure=False, ament_cmake_args=None, catkin_cmake_args=None, catkin_skip_building_tests=False, verb_parser=<colcon_defaults.argument_parser.defaults.DefaultArgumentsDecorator object at 0x79e49d12caf0>, verb_extension=<colcon_core.verb.build.BuildVerb object at 0x79e49d12c310>, main=<bound method BuildVerb.main of <colcon_core.verb.build.BuildVerb object at 0x79e49d12c310>>)
[0.070s] Level 1:colcon.colcon_core.package_discovery:discover_packages(colcon_meta) check parameters
[0.070s] Level 1:colcon.colcon_core.package_discovery:discover_packages(recursive) check parameters
[0.070s] Level 1:colcon.colcon_core.package_discovery:discover_packages(ignore) check parameters
[0.070s] Level 1:colcon.colcon_core.package_discovery:discover_packages(path) check parameters
[0.070s] Level 1:colcon.colcon_core.package_discovery:discover_packages(colcon_meta) discover
[0.070s] Level 1:colcon.colcon_core.package_discovery:discover_packages(recursive) discover
[0.070s] INFO:colcon.colcon_core.package_discovery:Crawling recursively for packages in '/home/taishawn/ros2bot_ws'
[0.070s] Level 1:colcon.colcon_core.package_identification:_identify(.) by extensions ['ignore', 'ignore_ament_install']
[0.070s] Level 1:colcon.colcon_core.package_identification:_identify(.) by extension 'ignore'
[0.070s] Level 1:colcon.colcon_core.package_identification:_identify(.) by extension 'ignore_ament_install'
[0.070s] Level 1:colcon.colcon_core.package_identification:_identify(.) by extensions ['colcon_pkg']
[0.070s] Level 1:colcon.colcon_core.package_identification:_identify(.) by extension 'colcon_pkg'
[0.070s] Level 1:colcon.colcon_core.package_identification:_identify(.) by extensions ['colcon_meta']
[0.070s] Level 1:colcon.colcon_core.package_identification:_identify(.) by extension 'colcon_meta'
[0.070s] Level 1:colcon.colcon_core.package_identification:_identify(.) by extensions ['ros']
[0.070s] Level 1:colcon.colcon_core.package_identification:_identify(.) by extension 'ros'
[0.072s] Level 1:colcon.colcon_core.package_identification:_identify(.) by extensions ['cmake', 'python']
[0.072s] Level 1:colcon.colcon_core.package_identification:_identify(.) by extension 'cmake'
[0.072s] Level 1:colcon.colcon_core.package_identification:_identify(.) by extension 'python'
[0.072s] Level 1:colcon.colcon_core.package_identification:_identify(.) by extensions ['python_setup_py']
[0.072s] Level 1:colcon.colcon_core.package_identification:_identify(.) by extension 'python_setup_py'
[0.072s] Level 1:colcon.colcon_core.package_identification:_identify(build) by extensions ['ignore', 'ignore_ament_install']
[0.072s] Level 1:colcon.colcon_core.package_identification:_identify(build) by extension 'ignore'
[0.072s] Level 1:colcon.colcon_core.package_identification:_identify(build) ignored
[0.072s] Level 1:colcon.colcon_core.package_identification:_identify(install) by extensions ['ignore', 'ignore_ament_install']
[0.072s] Level 1:colcon.colcon_core.package_identification:_identify(install) by extension 'ignore'
[0.072s] Level 1:colcon.colcon_core.package_identification:_identify(install) ignored
[0.072s] Level 1:colcon.colcon_core.package_identification:_identify(log) by extensions ['ignore', 'ignore_ament_install']
[0.072s] Level 1:colcon.colcon_core.package_identification:_identify(log) by extension 'ignore'
[0.072s] Level 1:colcon.colcon_core.package_identification:_identify(log) ignored
[0.072s] Level 1:colcon.colcon_core.package_identification:_identify(src) by extensions ['ignore', 'ignore_ament_install']
[0.072s] Level 1:colcon.colcon_core.package_identification:_identify(src) by extension 'ignore'
[0.072s] Level 1:colcon.colcon_core.package_identification:_identify(src) by extension 'ignore_ament_install'
[0.072s] Level 1:colcon.colcon_core.package_identification:_identify(src) by extensions ['colcon_pkg']
[0.072s] Level 1:colcon.colcon_core.package_identification:_identify(src) by extension 'colcon_pkg'
[0.072s] Level 1:colcon.colcon_core.package_identification:_identify(src) by extensions ['colcon_meta']
[0.072s] Level 1:colcon.colcon_core.package_identification:_identify(src) by extension 'colcon_meta'
[0.072s] Level 1:colcon.colcon_core.package_identification:_identify(src) by extensions ['ros']
[0.072s] Level 1:colcon.colcon_core.package_identification:_identify(src) by extension 'ros'
[0.072s] Level 1:colcon.colcon_core.package_identification:_identify(src) by extensions ['cmake', 'python']
[0.072s] Level 1:colcon.colcon_core.package_identification:_identify(src) by extension 'cmake'
[0.072s] Level 1:colcon.colcon_core.package_identification:_identify(src) by extension 'python'
[0.072s] Level 1:colcon.colcon_core.package_identification:_identify(src) by extensions ['python_setup_py']
[0.072s] Level 1:colcon.colcon_core.package_identification:_identify(src) by extension 'python_setup_py'
[0.073s] Level 1:colcon.colcon_core.package_identification:_identify(src/build) by extensions ['ignore', 'ignore_ament_install']
[0.073s] Level 1:colcon.colcon_core.package_identification:_identify(src/build) by extension 'ignore'
[0.073s] Level 1:colcon.colcon_core.package_identification:_identify(src/build) ignored
[0.073s] Level 1:colcon.colcon_core.package_identification:_identify(src/install) by extensions ['ignore', 'ignore_ament_install']
[0.073s] Level 1:colcon.colcon_core.package_identification:_identify(src/install) by extension 'ignore'
[0.073s] Level 1:colcon.colcon_core.package_identification:_identify(src/install) ignored
[0.073s] Level 1:colcon.colcon_core.package_identification:_identify(src/log) by extensions ['ignore', 'ignore_ament_install']
[0.073s] Level 1:colcon.colcon_core.package_identification:_identify(src/log) by extension 'ignore'
[0.073s] Level 1:colcon.colcon_core.package_identification:_identify(src/log) ignored
[0.073s] Level 1:colcon.colcon_core.package_identification:_identify(src/ros2_bot_description) by extensions ['ignore', 'ignore_ament_install']
[0.073s] Level 1:colcon.colcon_core.package_identification:_identify(src/ros2_bot_description) by extension 'ignore'
[0.073s] Level 1:colcon.colcon_core.package_identification:_identify(src/ros2_bot_description) by extension 'ignore_ament_install'
[0.073s] Level 1:colcon.colcon_core.package_identification:_identify(src/ros2_bot_description) by extensions ['colcon_pkg']
[0.073s] Level 1:colcon.colcon_core.package_identification:_identify(src/ros2_bot_description) by extension 'colcon_pkg'
[0.073s] Level 1:colcon.colcon_core.package_identification:_identify(src/ros2_bot_description) by extensions ['colcon_meta']
[0.073s] Level 1:colcon.colcon_core.package_identification:_identify(src/ros2_bot_description) by extension 'colcon_meta'
[0.073s] Level 1:colcon.colcon_core.package_identification:_identify(src/ros2_bot_description) by extensions ['ros']
[0.073s] Level 1:colcon.colcon_core.package_identification:_identify(src/ros2_bot_description) by extension 'ros'
[0.074s] DEBUG:colcon.colcon_core.package_identification:Package 'src/ros2_bot_description' with type 'ros.ament_cmake' and name 'ros2_bot_description'
[0.074s] Level 1:colcon.colcon_core.package_identification:_identify(src/ros_2_bot_cpp) by extensions ['ignore', 'ignore_ament_install']
[0.074s] Level 1:colcon.colcon_core.package_identification:_identify(src/ros_2_bot_cpp) by extension 'ignore'
[0.074s] Level 1:colcon.colcon_core.package_identification:_identify(src/ros_2_bot_cpp) by extension 'ignore_ament_install'
[0.074s] Level 1:colcon.colcon_core.package_identification:_identify(src/ros_2_bot_cpp) by extensions ['colcon_pkg']
[0.074s] Level 1:colcon.colcon_core.package_identification:_identify(src/ros_2_bot_cpp) by extension 'colcon_pkg'
[0.074s] Level 1:colcon.colcon_core.package_identification:_identify(src/ros_2_bot_cpp) by extensions ['colcon_meta']
[0.074s] Level 1:colcon.colcon_core.package_identification:_identify(src/ros_2_bot_cpp) by extension 'colcon_meta'
[0.074s] Level 1:colcon.colcon_core.package_identification:_identify(src/ros_2_bot_cpp) by extensions ['ros']
[0.074s] Level 1:colcon.colcon_core.package_identification:_identify(src/ros_2_bot_cpp) by extension 'ros'
[0.075s] DEBUG:colcon.colcon_core.package_identification:Package 'src/ros_2_bot_cpp' with type 'ros.ament_cmake' and name 'ros_2_bot_cpp'
[0.075s] Level 1:colcon.colcon_core.package_discovery:discover_packages(recursive) using defaults
[0.075s] Level 1:colcon.colcon_core.package_discovery:discover_packages(ignore) discover
[0.075s] Level 1:colcon.colcon_core.package_discovery:discover_packages(ignore) using defaults
[0.075s] Level 1:colcon.colcon_core.package_discovery:discover_packages(path) discover
[0.075s] Level 1:colcon.colcon_core.package_discovery:discover_packages(path) using defaults
[0.083s] Level 1:colcon.colcon_core.package_discovery:discover_packages(prefix_path) check parameters
[0.083s] Level 1:colcon.colcon_core.package_discovery:discover_packages(prefix_path) discover
[0.084s] DEBUG:colcon.colcon_installed_package_information.package_discovery:Found 2 installed packages in /home/taishawn/ros2bot_ws/install
[0.084s] DEBUG:colcon.colcon_installed_package_information.package_discovery:Found 1 installed packages in /home/taishawn/new_ros2_ws/install
[0.085s] DEBUG:colcon.colcon_installed_package_information.package_discovery:Found 354 installed packages in /opt/ros/humble
[0.086s] Level 1:colcon.colcon_core.package_discovery:discover_packages(prefix_path) using defaults
[0.107s] Level 5:colcon.colcon_core.verb:set package 'ros2_bot_description' build argument 'cmake_args' from command line to 'None'
[0.107s] Level 5:colcon.colcon_core.verb:set package 'ros2_bot_description' build argument 'cmake_target' from command line to 'None'
[0.107s] Level 5:colcon.colcon_core.verb:set package 'ros2_bot_description' build argument 'cmake_target_skip_unavailable' from command line to 'False'
[0.107s] Level 5:colcon.colcon_core.verb:set package 'ros2_bot_description' build argument 'cmake_clean_cache' from command line to 'False'
[0.107s] Level 5:colcon.colcon_core.verb:set package 'ros2_bot_description' build argument 'cmake_clean_first' from command line to 'False'
[0.107s] Level 5:colcon.colcon_core.verb:set package 'ros2_bot_description' build argument 'cmake_force_configure' from command line to 'False'
[0.107s] Level 5:colcon.colcon_core.verb:set package 'ros2_bot_description' build argument 'ament_cmake_args' from command line to 'None'
[0.107s] Level 5:colcon.colcon_core.verb:set package 'ros2_bot_description' build argument 'catkin_cmake_args' from command line to 'None'
[0.107s] Level 5:colcon.colcon_core.verb:set package 'ros2_bot_description' build argument 'catkin_skip_building_tests' from command line to 'False'
[0.107s] DEBUG:colcon.colcon_core.verb:Building package 'ros2_bot_description' with the following arguments: {'ament_cmake_args': None, 'build_base': '/home/taishawn/ros2bot_ws/build/ros2_bot_description', 'catkin_cmake_args': None, 'catkin_skip_building_tests': False, 'cmake_args': None, 'cmake_clean_cache': False, 'cmake_clean_first': False, 'cmake_force_configure': False, 'cmake_target': None, 'cmake_target_skip_unavailable': False, 'install_base': '/home/taishawn/ros2bot_ws/install/ros2_bot_description', 'merge_install': False, 'path': '/home/taishawn/ros2bot_ws/src/ros2_bot_description', 'symlink_install': False, 'test_result_base': None}
[0.107s] Level 5:colcon.colcon_core.verb:set package 'ros_2_bot_cpp' build argument 'cmake_args' from command line to 'None'
[0.107s] Level 5:colcon.colcon_core.verb:set package 'ros_2_bot_cpp' build argument 'cmake_target' from command line to 'None'
[0.107s] Level 5:colcon.colcon_core.verb:set package 'ros_2_bot_cpp' build argument 'cmake_target_skip_unavailable' from command line to 'False'
[0.107s] Level 5:colcon.colcon_core.verb:set package 'ros_2_bot_cpp' build argument 'cmake_clean_cache' from command line to 'False'
[0.107s] Level 5:colcon.colcon_core.verb:set package 'ros_2_bot_cpp' build argument 'cmake_clean_first' from command line to 'False'
[0.107s] Level 5:colcon.colcon_core.verb:set package 'ros_2_bot_cpp' build argument 'cmake_force_configure' from command line to 'False'
[0.107s] Level 5:colcon.colcon_core.verb:set package 'ros_2_bot_cpp' build argument 'ament_cmake_args' from command line to 'None'
[0.107s] Level 5:colcon.colcon_core.verb:set package 'ros_2_bot_cpp' build argument 'catkin_cmake_args' from command line to 'None'
[0.107s] Level 5:colcon.colcon_core.verb:set package 'ros_2_bot_cpp' build argument 'catkin_skip_building_tests' from command line to 'False'
[0.107s] DEBUG:colcon.colcon_core.verb:Building package 'ros_2_bot_cpp' with the following arguments: {'ament_cmake_args': None, 'build_base': '/home/taishawn/ros2bot_ws/build/ros_2_bot_cpp', 'catkin_cmake_args': None, 'catkin_skip_building_tests': False, 'cmake_args': None, 'cmake_clean_cache': False, 'cmake_clean_first': False, 'cmake_force_configure': False, 'cmake_target': None, 'cmake_target_skip_unavailable': False, 'install_base': '/home/taishawn/ros2bot_ws/install/ros_2_bot_cpp', 'merge_install': False, 'path': '/home/taishawn/ros2bot_ws/src/ros_2_bot_cpp', 'symlink_install': False, 'test_result_base': None}
[0.107s] INFO:colcon.colcon_core.executor:Executing jobs using 'parallel' executor
[0.108s] DEBUG:colcon.colcon_parallel_executor.executor.parallel:run_until_complete
[0.108s] INFO:colcon.colcon_ros.task.ament_cmake.build:Building ROS package in '/home/taishawn/ros2bot_ws/src/ros2_bot_description' with build type 'ament_cmake'
[0.108s] INFO:colcon.colcon_cmake.task.cmake.build:Building CMake package in '/home/taishawn/ros2bot_ws/src/ros2_bot_description'
[0.109s] INFO:colcon.colcon_core.plugin_system:Skipping extension 'colcon_core.shell.bat': Not used on non-Windows systems
[0.109s] INFO:colcon.colcon_core.shell:Skip shell extension 'powershell' for command environment: Not usable outside of PowerShell
[0.109s] DEBUG:colcon.colcon_core.shell:Skip shell extension 'dsv' for command environment
[0.111s] INFO:colcon.colcon_ros.task.ament_cmake.build:Building ROS package in '/home/taishawn/ros2bot_ws/src/ros_2_bot_cpp' with build type 'ament_cmake'
[0.111s] INFO:colcon.colcon_cmake.task.cmake.build:Building CMake package in '/home/taishawn/ros2bot_ws/src/ros_2_bot_cpp'
[0.111s] INFO:colcon.colcon_core.shell:Skip shell extension 'powershell' for command environment: Not usable outside of PowerShell
[0.111s] DEBUG:colcon.colcon_core.shell:Skip shell extension 'dsv' for command environment
[0.115s] DEBUG:colcon.colcon_core.event_handler.log_command:Invoking command in '/home/taishawn/ros2bot_ws/build/ros2_bot_description': CMAKE_PREFIX_PATH=${CMAKE_PREFIX_PATH}:/opt/ros/humble /usr/bin/cmake --build /home/taishawn/ros2bot_ws/build/ros2_bot_description -- -j24 -l24
[0.118s] DEBUG:colcon.colcon_core.event_handler.log_command:Invoking command in '/home/taishawn/ros2bot_ws/build/ros_2_bot_cpp': CMAKE_PREFIX_PATH=${CMAKE_PREFIX_PATH}:/opt/ros/humble /usr/bin/cmake --build /home/taishawn/ros2bot_ws/build/ros_2_bot_cpp -- -j24 -l24
[0.137s] DEBUG:colcon.colcon_core.event_handler.log_command:Invoked command in '/home/taishawn/ros2bot_ws/build/ros2_bot_description' returned '0': CMAKE_PREFIX_PATH=${CMAKE_PREFIX_PATH}:/opt/ros/humble /usr/bin/cmake --build /home/taishawn/ros2bot_ws/build/ros2_bot_description -- -j24 -l24
[0.156s] DEBUG:colcon.colcon_core.event_handler.log_command:Invoking command in '/home/taishawn/ros2bot_ws/build/ros2_bot_description': CMAKE_PREFIX_PATH=${CMAKE_PREFIX_PATH}:/opt/ros/humble /usr/bin/cmake --install /home/taishawn/ros2bot_ws/build/ros2_bot_description
[0.159s] DEBUG:colcon.colcon_core.event_handler.log_command:Invoked command in '/home/taishawn/ros2bot_ws/build/ros_2_bot_cpp' returned '0': CMAKE_PREFIX_PATH=${CMAKE_PREFIX_PATH}:/opt/ros/humble /usr/bin/cmake --build /home/taishawn/ros2bot_ws/build/ros_2_bot_cpp -- -j24 -l24
[0.162s] Level 1:colcon.colcon_core.environment:create_environment_scripts_only(ros2_bot_description)
[0.162s] DEBUG:colcon.colcon_core.event_handler.log_command:Invoked command in '/home/taishawn/ros2bot_ws/build/ros2_bot_description' returned '0': CMAKE_PREFIX_PATH=${CMAKE_PREFIX_PATH}:/opt/ros/humble /usr/bin/cmake --install /home/taishawn/ros2bot_ws/build/ros2_bot_description
[0.163s] Level 1:colcon.colcon_core.environment:checking '/home/taishawn/ros2bot_ws/install/ros2_bot_description' for CMake module files
[0.164s] Level 1:colcon.colcon_core.environment:checking '/home/taishawn/ros2bot_ws/install/ros2_bot_description' for CMake config files
[0.164s] Level 1:colcon.colcon_core.shell:create_environment_hook('ros2_bot_description', 'cmake_prefix_path')
[0.164s] INFO:colcon.colcon_core.shell:Creating environment hook '/home/taishawn/ros2bot_ws/install/ros2_bot_description/share/ros2_bot_description/hook/cmake_prefix_path.ps1'
[0.164s] INFO:colcon.colcon_core.shell:Creating environment descriptor '/home/taishawn/ros2bot_ws/install/ros2_bot_description/share/ros2_bot_description/hook/cmake_prefix_path.dsv'
[0.165s] INFO:colcon.colcon_core.shell:Creating environment hook '/home/taishawn/ros2bot_ws/install/ros2_bot_description/share/ros2_bot_description/hook/cmake_prefix_path.sh'
[0.165s] Level 1:colcon.colcon_core.environment:checking '/home/taishawn/ros2bot_ws/install/ros2_bot_description/bin'
[0.165s] Level 1:colcon.colcon_core.environment:checking '/home/taishawn/ros2bot_ws/install/ros2_bot_description/lib/pkgconfig/ros2_bot_description.pc'
[0.165s] Level 1:colcon.colcon_core.environment:checking '/home/taishawn/ros2bot_ws/install/ros2_bot_description/lib/python3.10/site-packages'
[0.166s] Level 1:colcon.colcon_core.environment:checking '/home/taishawn/ros2bot_ws/install/ros2_bot_description/bin'
[0.166s] INFO:colcon.colcon_core.shell:Creating package script '/home/taishawn/ros2bot_ws/install/ros2_bot_description/share/ros2_bot_description/package.ps1'
[0.166s] INFO:colcon.colcon_core.shell:Creating package descriptor '/home/taishawn/ros2bot_ws/install/ros2_bot_description/share/ros2_bot_description/package.dsv'
[0.166s] INFO:colcon.colcon_core.shell:Creating package script '/home/taishawn/ros2bot_ws/install/ros2_bot_description/share/ros2_bot_description/package.sh'
[0.167s] INFO:colcon.colcon_core.shell:Creating package script '/home/taishawn/ros2bot_ws/install/ros2_bot_description/share/ros2_bot_description/package.bash'
[0.167s] INFO:colcon.colcon_core.shell:Creating package script '/home/taishawn/ros2bot_ws/install/ros2_bot_description/share/ros2_bot_description/package.zsh'
[0.167s] Level 1:colcon.colcon_core.environment:create_file_with_runtime_dependencies(/home/taishawn/ros2bot_ws/install/ros2_bot_description/share/colcon-core/packages/ros2_bot_description)
[0.179s] DEBUG:colcon.colcon_core.event_handler.log_command:Invoking command in '/home/taishawn/ros2bot_ws/build/ros_2_bot_cpp': CMAKE_PREFIX_PATH=${CMAKE_PREFIX_PATH}:/opt/ros/humble /usr/bin/cmake --install /home/taishawn/ros2bot_ws/build/ros_2_bot_cpp
[0.181s] Level 1:colcon.colcon_core.environment:create_environment_scripts_only(ros2_bot_description)
[0.181s] Level 1:colcon.colcon_core.environment:checking '/home/taishawn/ros2bot_ws/install/ros2_bot_description' for CMake module files
[0.181s] Level 1:colcon.colcon_core.environment:checking '/home/taishawn/ros2bot_ws/install/ros2_bot_description' for CMake config files
[0.182s] Level 1:colcon.colcon_core.shell:create_environment_hook('ros2_bot_description', 'cmake_prefix_path')
[0.182s] INFO:colcon.colcon_core.shell:Creating environment hook '/home/taishawn/ros2bot_ws/install/ros2_bot_description/share/ros2_bot_description/hook/cmake_prefix_path.ps1'
[0.182s] INFO:colcon.colcon_core.shell:Creating environment descriptor '/home/taishawn/ros2bot_ws/install/ros2_bot_description/share/ros2_bot_description/hook/cmake_prefix_path.dsv'
[0.182s] INFO:colcon.colcon_core.shell:Creating environment hook '/home/taishawn/ros2bot_ws/install/ros2_bot_description/share/ros2_bot_description/hook/cmake_prefix_path.sh'
[0.182s] Level 1:colcon.colcon_core.environment:checking '/home/taishawn/ros2bot_ws/install/ros2_bot_description/bin'
[0.182s] Level 1:colcon.colcon_core.environment:checking '/home/taishawn/ros2bot_ws/install/ros2_bot_description/lib/pkgconfig/ros2_bot_description.pc'
[0.183s] Level 1:colcon.colcon_core.environment:checking '/home/taishawn/ros2bot_ws/install/ros2_bot_description/lib/python3.10/site-packages'
[0.183s] Level 1:colcon.colcon_core.environment:checking '/home/taishawn/ros2bot_ws/install/ros2_bot_description/bin'
[0.183s] INFO:colcon.colcon_core.shell:Creating package script '/home/taishawn/ros2bot_ws/install/ros2_bot_description/share/ros2_bot_description/package.ps1'
[0.183s] INFO:colcon.colcon_core.shell:Creating package descriptor '/home/taishawn/ros2bot_ws/install/ros2_bot_description/share/ros2_bot_description/package.dsv'
[0.183s] INFO:colcon.colcon_core.shell:Creating package script '/home/taishawn/ros2bot_ws/install/ros2_bot_description/share/ros2_bot_description/package.sh'
[0.183s] INFO:colcon.colcon_core.shell:Creating package script '/home/taishawn/ros2bot_ws/install/ros2_bot_description/share/ros2_bot_description/package.bash'
[0.184s] INFO:colcon.colcon_core.shell:Creating package script '/home/taishawn/ros2bot_ws/install/ros2_bot_description/share/ros2_bot_description/package.zsh'
[0.184s] Level 1:colcon.colcon_core.environment:create_file_with_runtime_dependencies(/home/taishawn/ros2bot_ws/install/ros2_bot_description/share/colcon-core/packages/ros2_bot_description)
[0.186s] Level 1:colcon.colcon_core.environment:create_environment_scripts_only(ros_2_bot_cpp)
[0.186s] Level 1:colcon.colcon_core.environment:checking '/home/taishawn/ros2bot_ws/install/ros_2_bot_cpp' for CMake module files
[0.186s] DEBUG:colcon.colcon_core.event_handler.log_command:Invoked command in '/home/taishawn/ros2bot_ws/build/ros_2_bot_cpp' returned '0': CMAKE_PREFIX_PATH=${CMAKE_PREFIX_PATH}:/opt/ros/humble /usr/bin/cmake --install /home/taishawn/ros2bot_ws/build/ros_2_bot_cpp
[0.186s] Level 1:colcon.colcon_core.environment:checking '/home/taishawn/ros2bot_ws/install/ros_2_bot_cpp' for CMake config files
[0.186s] Level 1:colcon.colcon_core.shell:create_environment_hook('ros_2_bot_cpp', 'cmake_prefix_path')
[0.187s] INFO:colcon.colcon_core.shell:Creating environment hook '/home/taishawn/ros2bot_ws/install/ros_2_bot_cpp/share/ros_2_bot_cpp/hook/cmake_prefix_path.ps1'
[0.187s] INFO:colcon.colcon_core.shell:Creating environment descriptor '/home/taishawn/ros2bot_ws/install/ros_2_bot_cpp/share/ros_2_bot_cpp/hook/cmake_prefix_path.dsv'
[0.187s] INFO:colcon.colcon_core.shell:Creating environment hook '/home/taishawn/ros2bot_ws/install/ros_2_bot_cpp/share/ros_2_bot_cpp/hook/cmake_prefix_path.sh'
[0.187s] Level 1:colcon.colcon_core.environment:checking '/home/taishawn/ros2bot_ws/install/ros_2_bot_cpp/lib'
[0.187s] Level 1:colcon.colcon_core.environment:checking '/home/taishawn/ros2bot_ws/install/ros_2_bot_cpp/bin'
[0.187s] Level 1:colcon.colcon_core.environment:checking '/home/taishawn/ros2bot_ws/install/ros_2_bot_cpp/lib/pkgconfig/ros_2_bot_cpp.pc'
[0.187s] Level 1:colcon.colcon_core.environment:checking '/home/taishawn/ros2bot_ws/install/ros_2_bot_cpp/lib/python3.10/site-packages'
[0.188s] Level 1:colcon.colcon_core.environment:checking '/home/taishawn/ros2bot_ws/install/ros_2_bot_cpp/bin'
[0.188s] INFO:colcon.colcon_core.shell:Creating package script '/home/taishawn/ros2bot_ws/install/ros_2_bot_cpp/share/ros_2_bot_cpp/package.ps1'
[0.188s] INFO:colcon.colcon_core.shell:Creating package descriptor '/home/taishawn/ros2bot_ws/install/ros_2_bot_cpp/share/ros_2_bot_cpp/package.dsv'
[0.188s] INFO:colcon.colcon_core.shell:Creating package script '/home/taishawn/ros2bot_ws/install/ros_2_bot_cpp/share/ros_2_bot_cpp/package.sh'
[0.188s] INFO:colcon.colcon_core.shell:Creating package script '/home/taishawn/ros2bot_ws/install/ros_2_bot_cpp/share/ros_2_bot_cpp/package.bash'
[0.188s] INFO:colcon.colcon_core.shell:Creating package script '/home/taishawn/ros2bot_ws/install/ros_2_bot_cpp/share/ros_2_bot_cpp/package.zsh'
[0.189s] Level 1:colcon.colcon_core.environment:create_file_with_runtime_dependencies(/home/taishawn/ros2bot_ws/install/ros_2_bot_cpp/share/colcon-core/packages/ros_2_bot_cpp)
[0.207s] Level 1:colcon.colcon_core.environment:create_environment_scripts_only(ros_2_bot_cpp)
[0.207s] Level 1:colcon.colcon_core.environment:checking '/home/taishawn/ros2bot_ws/install/ros_2_bot_cpp' for CMake module files
[0.207s] Level 1:colcon.colcon_core.environment:checking '/home/taishawn/ros2bot_ws/install/ros_2_bot_cpp' for CMake config files
[0.207s] Level 1:colcon.colcon_core.shell:create_environment_hook('ros_2_bot_cpp', 'cmake_prefix_path')
[0.207s] INFO:colcon.colcon_core.shell:Creating environment hook '/home/taishawn/ros2bot_ws/install/ros_2_bot_cpp/share/ros_2_bot_cpp/hook/cmake_prefix_path.ps1'
[0.207s] INFO:colcon.colcon_core.shell:Creating environment descriptor '/home/taishawn/ros2bot_ws/install/ros_2_bot_cpp/share/ros_2_bot_cpp/hook/cmake_prefix_path.dsv'
[0.208s] INFO:colcon.colcon_core.shell:Creating environment hook '/home/taishawn/ros2bot_ws/install/ros_2_bot_cpp/share/ros_2_bot_cpp/hook/cmake_prefix_path.sh'
[0.208s] Level 1:colcon.colcon_core.environment:checking '/home/taishawn/ros2bot_ws/install/ros_2_bot_cpp/lib'
[0.208s] Level 1:colcon.colcon_core.environment:checking '/home/taishawn/ros2bot_ws/install/ros_2_bot_cpp/bin'
[0.208s] Level 1:colcon.colcon_core.environment:checking '/home/taishawn/ros2bot_ws/install/ros_2_bot_cpp/lib/pkgconfig/ros_2_bot_cpp.pc'
[0.208s] Level 1:colcon.colcon_core.environment:checking '/home/taishawn/ros2bot_ws/install/ros_2_bot_cpp/lib/python3.10/site-packages'
[0.208s] Level 1:colcon.colcon_core.environment:checking '/home/taishawn/ros2bot_ws/install/ros_2_bot_cpp/bin'
[0.208s] INFO:colcon.colcon_core.shell:Creating package script '/home/taishawn/ros2bot_ws/install/ros_2_bot_cpp/share/ros_2_bot_cpp/package.ps1'
[0.209s] INFO:colcon.colcon_core.shell:Creating package descriptor '/home/taishawn/ros2bot_ws/install/ros_2_bot_cpp/share/ros_2_bot_cpp/package.dsv'
[0.209s] INFO:colcon.colcon_core.shell:Creating package script '/home/taishawn/ros2bot_ws/install/ros_2_bot_cpp/share/ros_2_bot_cpp/package.sh'
[0.209s] INFO:colcon.colcon_core.shell:Creating package script '/home/taishawn/ros2bot_ws/install/ros_2_bot_cpp/share/ros_2_bot_cpp/package.bash'
[0.209s] INFO:colcon.colcon_core.shell:Creating package script '/home/taishawn/ros2bot_ws/install/ros_2_bot_cpp/share/ros_2_bot_cpp/package.zsh'
[0.209s] Level 1:colcon.colcon_core.environment:create_file_with_runtime_dependencies(/home/taishawn/ros2bot_ws/install/ros_2_bot_cpp/share/colcon-core/packages/ros_2_bot_cpp)
[0.210s] DEBUG:colcon.colcon_parallel_executor.executor.parallel:closing loop
[0.210s] DEBUG:colcon.colcon_parallel_executor.executor.parallel:loop closed
[0.210s] DEBUG:colcon.colcon_parallel_executor.executor.parallel:run_until_complete finished with '0'
[0.210s] DEBUG:colcon.colcon_core.event_reactor:joining thread
[0.212s] INFO:colcon.colcon_core.plugin_system:Skipping extension 'colcon_notification.desktop_notification.terminal_notifier': Not used on non-Darwin systems
[0.212s] INFO:colcon.colcon_core.plugin_system:Skipping extension 'colcon_notification.desktop_notification.win32': Not used on non-Windows systems
[0.212s] INFO:colcon.colcon_notification.desktop_notification:Sending desktop notification using 'notify2'
[0.218s] DEBUG:colcon.colcon_core.event_reactor:joined thread
[0.218s] INFO:colcon.colcon_core.shell:Creating prefix script '/home/taishawn/ros2bot_ws/install/local_setup.ps1'
[0.219s] INFO:colcon.colcon_core.shell:Creating prefix util module '/home/taishawn/ros2bot_ws/install/_local_setup_util_ps1.py'
[0.220s] INFO:colcon.colcon_core.shell:Creating prefix chain script '/home/taishawn/ros2bot_ws/install/setup.ps1'
[0.220s] INFO:colcon.colcon_core.shell:Creating prefix script '/home/taishawn/ros2bot_ws/install/local_setup.sh'
[0.220s] INFO:colcon.colcon_core.shell:Creating prefix util module '/home/taishawn/ros2bot_ws/install/_local_setup_util_sh.py'
[0.221s] INFO:colcon.colcon_core.shell:Creating prefix chain script '/home/taishawn/ros2bot_ws/install/setup.sh'
[0.221s] INFO:colcon.colcon_core.shell:Creating prefix script '/home/taishawn/ros2bot_ws/install/local_setup.bash'
[0.221s] INFO:colcon.colcon_core.shell:Creating prefix chain script '/home/taishawn/ros2bot_ws/install/setup.bash'
[0.222s] INFO:colcon.colcon_core.shell:Creating prefix script '/home/taishawn/ros2bot_ws/install/local_setup.zsh'
[0.222s] INFO:colcon.colcon_core.shell:Creating prefix chain script '/home/taishawn/ros2bot_ws/install/setup.zsh'
