[0.009s] Invoking command in '/home/taishawn/ros2bot_ws/build/ros2_bot_description': CMAKE_PREFIX_PATH=${CMAKE_PREFIX_PATH}:/opt/ros/humble /usr/bin/cmake --build /home/taishawn/ros2bot_ws/build/ros2_bot_description -- -j24 -l24
[0.039s] Invoked command in '/home/taishawn/ros2bot_ws/build/ros2_bot_description' returned '0': CMAKE_PREFIX_PATH=${CMAKE_PREFIX_PATH}:/opt/ros/humble /usr/bin/cmake --build /home/taishawn/ros2bot_ws/build/ros2_bot_description -- -j24 -l24
[0.061s] Invoking command in '/home/taishawn/ros2bot_ws/build/ros2_bot_description': CMAKE_PREFIX_PATH=${CMAKE_PREFIX_PATH}:/opt/ros/humble /usr/bin/cmake --install /home/taishawn/ros2bot_ws/build/ros2_bot_description
[0.066s] -- Install configuration: ""
[0.066s] -- Up-to-date: /home/taishawn/ros2bot_ws/install/ros2_bot_description/share/ros2_bot_description/meshes
[0.066s] -- Up-to-date: /home/taishawn/ros2bot_ws/install/ros2_bot_description/share/ros2_bot_description/meshes/triangular_link.STL
[0.066s] -- Up-to-date: /home/taishawn/ros2bot_ws/install/ros2_bot_description/share/ros2_bot_description/meshes/horizontal_arm.STL
[0.066s] -- Up-to-date: /home/taishawn/ros2bot_ws/install/ros2_bot_description/share/ros2_bot_description/meshes/plate.STL
[0.066s] -- Up-to-date: /home/taishawn/ros2bot_ws/install/ros2_bot_description/share/ros2_bot_description/meshes/right_finger.STL
[0.066s] -- Up-to-date: /home/taishawn/ros2bot_ws/install/ros2_bot_description/share/ros2_bot_description/meshes/forward_drive_arm.STL
[0.066s] -- Up-to-date: /home/taishawn/ros2bot_ws/install/ros2_bot_description/share/ros2_bot_description/meshes/vertical_drive_arm.STL
[0.066s] -- Up-to-date: /home/taishawn/ros2bot_ws/install/ros2_bot_description/share/ros2_bot_description/meshes/claw_support.STL
[0.066s] -- Up-to-date: /home/taishawn/ros2bot_ws/install/ros2_bot_description/share/ros2_bot_description/meshes/round_plate.STL
[0.066s] -- Up-to-date: /home/taishawn/ros2bot_ws/install/ros2_bot_description/share/ros2_bot_description/meshes/link.STL
[0.066s] -- Up-to-date: /home/taishawn/ros2bot_ws/install/ros2_bot_description/share/ros2_bot_description/meshes/basement.STL
[0.066s] -- Up-to-date: /home/taishawn/ros2bot_ws/install/ros2_bot_description/share/ros2_bot_description/meshes/servo_plate.STL
[0.066s] -- Up-to-date: /home/taishawn/ros2bot_ws/install/ros2_bot_description/share/ros2_bot_description/meshes/left_finger.STL
[0.067s] -- Up-to-date: /home/taishawn/ros2bot_ws/install/ros2_bot_description/share/ros2_bot_description/meshes/base_plate.STL
[0.067s] -- Up-to-date: /home/taishawn/ros2bot_ws/install/ros2_bot_description/share/ros2_bot_description/urdf
[0.067s] -- Up-to-date: /home/taishawn/ros2bot_ws/install/ros2_bot_description/share/ros2_bot_description/urdf/ros2bot.urdf.xacro
[0.067s] -- Up-to-date: /home/taishawn/ros2bot_ws/install/ros2_bot_description/share/ament_index/resource_index/package_run_dependencies/ros2_bot_description
[0.067s] -- Up-to-date: /home/taishawn/ros2bot_ws/install/ros2_bot_description/share/ament_index/resource_index/parent_prefix_path/ros2_bot_description
[0.067s] -- Up-to-date: /home/taishawn/ros2bot_ws/install/ros2_bot_description/share/ros2_bot_description/environment/ament_prefix_path.sh
[0.067s] -- Up-to-date: /home/taishawn/ros2bot_ws/install/ros2_bot_description/share/ros2_bot_description/environment/ament_prefix_path.dsv
[0.067s] -- Up-to-date: /home/taishawn/ros2bot_ws/install/ros2_bot_description/share/ros2_bot_description/environment/path.sh
[0.067s] -- Up-to-date: /home/taishawn/ros2bot_ws/install/ros2_bot_description/share/ros2_bot_description/environment/path.dsv
[0.067s] -- Up-to-date: /home/taishawn/ros2bot_ws/install/ros2_bot_description/share/ros2_bot_description/local_setup.bash
[0.067s] -- Up-to-date: /home/taishawn/ros2bot_ws/install/ros2_bot_description/share/ros2_bot_description/local_setup.sh
[0.067s] -- Up-to-date: /home/taishawn/ros2bot_ws/install/ros2_bot_description/share/ros2_bot_description/local_setup.zsh
[0.067s] -- Up-to-date: /home/taishawn/ros2bot_ws/install/ros2_bot_description/share/ros2_bot_description/local_setup.dsv
[0.067s] -- Installing: /home/taishawn/ros2bot_ws/install/ros2_bot_description/share/ros2_bot_description/package.dsv
[0.067s] -- Up-to-date: /home/taishawn/ros2bot_ws/install/ros2_bot_description/share/ament_index/resource_index/packages/ros2_bot_description
[0.067s] -- Up-to-date: /home/taishawn/ros2bot_ws/install/ros2_bot_description/share/ros2_bot_description/cmake/ros2_bot_descriptionConfig.cmake
[0.067s] -- Up-to-date: /home/taishawn/ros2bot_ws/install/ros2_bot_description/share/ros2_bot_description/cmake/ros2_bot_descriptionConfig-version.cmake
[0.067s] -- Up-to-date: /home/taishawn/ros2bot_ws/install/ros2_bot_description/share/ros2_bot_description/package.xml
[0.068s] Invoked command in '/home/taishawn/ros2bot_ws/build/ros2_bot_description' returned '0': CMAKE_PREFIX_PATH=${CMAKE_PREFIX_PATH}:/opt/ros/humble /usr/bin/cmake --install /home/taishawn/ros2bot_ws/build/ros2_bot_description
