[35m[1mConsolidate compiler generated dependencies of target simple_parameter[0m
[ 33%] Built target simple_subscriber
[ 66%] Built target simple_publisher
[ 83%] [32mBuilding CXX object CMakeFiles/simple_parameter.dir/src/simple_parameter.cpp.o[0m
[100%] [32m[1mLinking CXX executable simple_parameter[0m
[100%] Built target simple_parameter
-- Install configuration: ""
-- Up-to-date: /home/taishawn/ros2bot_ws/install/ros_2_bot_cpp/lib/ros_2_bot_cpp/simple_publisher
-- Up-to-date: /home/taishawn/ros2bot_ws/install/ros_2_bot_cpp/lib/ros_2_bot_cpp/simple_subscriber
-- Installing: /home/taishawn/ros2bot_ws/install/ros_2_bot_cpp/lib/ros_2_bot_cpp/simple_parameter
-- Set runtime path of "/home/taishawn/ros2bot_ws/install/ros_2_bot_cpp/lib/ros_2_bot_cpp/simple_parameter" to ""
-- Installing: /home/taishawn/ros2bot_ws/install/ros_2_bot_cpp/share/ament_index/resource_index/package_run_dependencies/ros_2_bot_cpp
-- Up-to-date: /home/taishawn/ros2bot_ws/install/ros_2_bot_cpp/share/ament_index/resource_index/parent_prefix_path/ros_2_bot_cpp
-- Up-to-date: /home/taishawn/ros2bot_ws/install/ros_2_bot_cpp/share/ros_2_bot_cpp/environment/ament_prefix_path.sh
-- Installing: /home/taishawn/ros2bot_ws/install/ros_2_bot_cpp/share/ros_2_bot_cpp/environment/ament_prefix_path.dsv
-- Up-to-date: /home/taishawn/ros2bot_ws/install/ros_2_bot_cpp/share/ros_2_bot_cpp/environment/path.sh
-- Installing: /home/taishawn/ros2bot_ws/install/ros_2_bot_cpp/share/ros_2_bot_cpp/environment/path.dsv
-- Up-to-date: /home/taishawn/ros2bot_ws/install/ros_2_bot_cpp/share/ros_2_bot_cpp/local_setup.bash
-- Up-to-date: /home/taishawn/ros2bot_ws/install/ros_2_bot_cpp/share/ros_2_bot_cpp/local_setup.sh
-- Up-to-date: /home/taishawn/ros2bot_ws/install/ros_2_bot_cpp/share/ros_2_bot_cpp/local_setup.zsh
-- Installing: /home/taishawn/ros2bot_ws/install/ros_2_bot_cpp/share/ros_2_bot_cpp/local_setup.dsv
-- Installing: /home/taishawn/ros2bot_ws/install/ros_2_bot_cpp/share/ros_2_bot_cpp/package.dsv
-- Up-to-date: /home/taishawn/ros2bot_ws/install/ros_2_bot_cpp/share/ament_index/resource_index/packages/ros_2_bot_cpp
-- Up-to-date: /home/taishawn/ros2bot_ws/install/ros_2_bot_cpp/share/ros_2_bot_cpp/cmake/ros_2_bot_cppConfig.cmake
-- Up-to-date: /home/taishawn/ros2bot_ws/install/ros_2_bot_cpp/share/ros_2_bot_cpp/cmake/ros_2_bot_cppConfig-version.cmake
-- Installing: /home/taishawn/ros2bot_ws/install/ros_2_bot_cpp/share/ros_2_bot_cpp/package.xml
