[0.006s] Invoking command in '/home/taishawn/ros2bot_ws/build/ros_2_bot_cpp': CMAKE_PREFIX_PATH=${CMAKE_PREFIX_PATH}:/opt/ros/humble /usr/bin/cmake --build /home/taishawn/ros2bot_ws/build/ros_2_bot_cpp -- -j24 -l24
[0.032s] [35m[1mConsolidate compiler generated dependencies of target simple_subscriber[0m
[0.032s] [35m[1mConsolidate compiler generated dependencies of target simple_parameter[0m
[0.032s] [35m[1mConsolidate compiler generated dependencies of target simple_publisher[0m
[0.044s] [ 33%] Built target simple_parameter
[0.044s] [ 66%] Built target simple_publisher
[0.046s] [100%] Built target simple_subscriber
[0.057s] Invoked command in '/home/taishawn/ros2bot_ws/build/ros_2_bot_cpp' returned '0': CMAKE_PREFIX_PATH=${CMAKE_PREFIX_PATH}:/opt/ros/humble /usr/bin/cmake --build /home/taishawn/ros2bot_ws/build/ros_2_bot_cpp -- -j24 -l24
[0.074s] Invoking command in '/home/taishawn/ros2bot_ws/build/ros_2_bot_cpp': CMAKE_PREFIX_PATH=${CMAKE_PREFIX_PATH}:/opt/ros/humble /usr/bin/cmake --install /home/taishawn/ros2bot_ws/build/ros_2_bot_cpp
[0.078s] -- Install configuration: ""
[0.078s] -- Up-to-date: /home/taishawn/ros2bot_ws/install/ros_2_bot_cpp/lib/ros_2_bot_cpp/simple_publisher
[0.078s] -- Up-to-date: /home/taishawn/ros2bot_ws/install/ros_2_bot_cpp/lib/ros_2_bot_cpp/simple_subscriber
[0.078s] -- Up-to-date: /home/taishawn/ros2bot_ws/install/ros_2_bot_cpp/lib/ros_2_bot_cpp/simple_parameter
[0.078s] -- Up-to-date: /home/taishawn/ros2bot_ws/install/ros_2_bot_cpp/share/ament_index/resource_index/package_run_dependencies/ros_2_bot_cpp
[0.078s] -- Up-to-date: /home/taishawn/ros2bot_ws/install/ros_2_bot_cpp/share/ament_index/resource_index/parent_prefix_path/ros_2_bot_cpp
[0.079s] -- Up-to-date: /home/taishawn/ros2bot_ws/install/ros_2_bot_cpp/share/ros_2_bot_cpp/environment/ament_prefix_path.sh
[0.079s] -- Up-to-date: /home/taishawn/ros2bot_ws/install/ros_2_bot_cpp/share/ros_2_bot_cpp/environment/ament_prefix_path.dsv
[0.079s] -- Up-to-date: /home/taishawn/ros2bot_ws/install/ros_2_bot_cpp/share/ros_2_bot_cpp/environment/path.sh
[0.079s] -- Up-to-date: /home/taishawn/ros2bot_ws/install/ros_2_bot_cpp/share/ros_2_bot_cpp/environment/path.dsv
[0.079s] -- Up-to-date: /home/taishawn/ros2bot_ws/install/ros_2_bot_cpp/share/ros_2_bot_cpp/local_setup.bash
[0.079s] -- Up-to-date: /home/taishawn/ros2bot_ws/install/ros_2_bot_cpp/share/ros_2_bot_cpp/local_setup.sh
[0.079s] -- Up-to-date: /home/taishawn/ros2bot_ws/install/ros_2_bot_cpp/share/ros_2_bot_cpp/local_setup.zsh
[0.079s] -- Up-to-date: /home/taishawn/ros2bot_ws/install/ros_2_bot_cpp/share/ros_2_bot_cpp/local_setup.dsv
[0.079s] -- Installing: /home/taishawn/ros2bot_ws/install/ros_2_bot_cpp/share/ros_2_bot_cpp/package.dsv
[0.079s] -- Up-to-date: /home/taishawn/ros2bot_ws/install/ros_2_bot_cpp/share/ament_index/resource_index/packages/ros_2_bot_cpp
[0.079s] -- Up-to-date: /home/taishawn/ros2bot_ws/install/ros_2_bot_cpp/share/ros_2_bot_cpp/cmake/ros_2_bot_cppConfig.cmake
[0.079s] -- Up-to-date: /home/taishawn/ros2bot_ws/install/ros_2_bot_cpp/share/ros_2_bot_cpp/cmake/ros_2_bot_cppConfig-version.cmake
[0.079s] -- Up-to-date: /home/taishawn/ros2bot_ws/install/ros_2_bot_cpp/share/ros_2_bot_cpp/package.xml
[0.080s] Invoked command in '/home/taishawn/ros2bot_ws/build/ros_2_bot_cpp' returned '0': CMAKE_PREFIX_PATH=${CMAKE_PREFIX_PATH}:/opt/ros/humble /usr/bin/cmake --install /home/taishawn/ros2bot_ws/build/ros_2_bot_cpp
