[0.050s] DEBUG:colcon:Command line arguments: ['/usr/bin/colcon', 'build']
[0.050s] DEBUG:colcon:Parsed command line arguments: Namespace(log_base=None, log_level=None, verb_name='build', build_base='build', install_base='install', merge_install=False, symlink_install=False, test_result_base=None, continue_on_error=False, executor='parallel', parallel_workers=24, event_handlers=None, ignore_user_meta=False, metas=['./colcon.meta'], base_paths=['.'], packages_ignore=None, packages_ignore_regex=None, paths=None, packages_up_to=None, packages_up_to_regex=None, packages_above=None, packages_above_and_dependencies=None, packages_above_depth=None, packages_select_by_dep=None, packages_skip_by_dep=None, packages_skip_up_to=None, packages_select_build_failed=False, packages_skip_build_finished=False, packages_select_test_failures=False, packages_skip_test_passed=False, packages_select=None, packages_skip=None, packages_select_regex=None, packages_skip_regex=None, packages_start=None, packages_end=None, allow_overriding=[], cmake_args=None, cmake_target=None, cmake_target_skip_unavailable=False, cmake_clean_cache=False, cmake_clean_first=False, cmake_force_configure=False, ament_cmake_args=None, catkin_cmake_args=None, catkin_skip_building_tests=False, verb_parser=<colcon_defaults.argument_parser.defaults.DefaultArgumentsDecorator object at 0x7c48599e0910>, verb_extension=<colcon_core.verb.build.BuildVerb object at 0x7c4859ad95a0>, main=<bound method BuildVerb.main of <colcon_core.verb.build.BuildVerb object at 0x7c4859ad95a0>>)
[0.076s] Level 1:colcon.colcon_core.package_discovery:discover_packages(colcon_meta) check parameters
[0.076s] Level 1:colcon.colcon_core.package_discovery:discover_packages(recursive) check parameters
[0.076s] Level 1:colcon.colcon_core.package_discovery:discover_packages(ignore) check parameters
[0.076s] Level 1:colcon.colcon_core.package_discovery:discover_packages(path) check parameters
[0.076s] Level 1:colcon.colcon_core.package_discovery:discover_packages(colcon_meta) discover
[0.076s] Level 1:colcon.colcon_core.package_discovery:discover_packages(recursive) discover
[0.076s] INFO:colcon.colcon_core.package_discovery:Crawling recursively for packages in '/home/taishawn/ros2bot_ws/src'
[0.076s] Level 1:colcon.colcon_core.package_identification:_identify(.) by extensions ['ignore', 'ignore_ament_install']
[0.076s] Level 1:colcon.colcon_core.package_identification:_identify(.) by extension 'ignore'
[0.076s] Level 1:colcon.colcon_core.package_identification:_identify(.) by extension 'ignore_ament_install'
[0.076s] Level 1:colcon.colcon_core.package_identification:_identify(.) by extensions ['colcon_pkg']
[0.076s] Level 1:colcon.colcon_core.package_identification:_identify(.) by extension 'colcon_pkg'
[0.076s] Level 1:colcon.colcon_core.package_identification:_identify(.) by extensions ['colcon_meta']
[0.076s] Level 1:colcon.colcon_core.package_identification:_identify(.) by extension 'colcon_meta'
[0.076s] Level 1:colcon.colcon_core.package_identification:_identify(.) by extensions ['ros']
[0.076s] Level 1:colcon.colcon_core.package_identification:_identify(.) by extension 'ros'
[0.078s] Level 1:colcon.colcon_core.package_identification:_identify(.) by extensions ['cmake', 'python']
[0.078s] Level 1:colcon.colcon_core.package_identification:_identify(.) by extension 'cmake'
[0.078s] Level 1:colcon.colcon_core.package_identification:_identify(.) by extension 'python'
[0.078s] Level 1:colcon.colcon_core.package_identification:_identify(.) by extensions ['python_setup_py']
[0.078s] Level 1:colcon.colcon_core.package_identification:_identify(.) by extension 'python_setup_py'
[0.078s] Level 1:colcon.colcon_core.package_identification:_identify(build) by extensions ['ignore', 'ignore_ament_install']
[0.078s] Level 1:colcon.colcon_core.package_identification:_identify(build) by extension 'ignore'
[0.078s] Level 1:colcon.colcon_core.package_identification:_identify(build) ignored
[0.078s] Level 1:colcon.colcon_core.package_identification:_identify(install) by extensions ['ignore', 'ignore_ament_install']
[0.078s] Level 1:colcon.colcon_core.package_identification:_identify(install) by extension 'ignore'
[0.078s] Level 1:colcon.colcon_core.package_identification:_identify(install) ignored
[0.078s] Level 1:colcon.colcon_core.package_identification:_identify(log) by extensions ['ignore', 'ignore_ament_install']
[0.078s] Level 1:colcon.colcon_core.package_identification:_identify(log) by extension 'ignore'
[0.078s] Level 1:colcon.colcon_core.package_identification:_identify(log) ignored
[0.078s] Level 1:colcon.colcon_core.package_identification:_identify(ros2_bot_description) by extensions ['ignore', 'ignore_ament_install']
[0.079s] Level 1:colcon.colcon_core.package_identification:_identify(ros2_bot_description) by extension 'ignore'
[0.079s] Level 1:colcon.colcon_core.package_identification:_identify(ros2_bot_description) by extension 'ignore_ament_install'
[0.079s] Level 1:colcon.colcon_core.package_identification:_identify(ros2_bot_description) by extensions ['colcon_pkg']
[0.079s] Level 1:colcon.colcon_core.package_identification:_identify(ros2_bot_description) by extension 'colcon_pkg'
[0.079s] Level 1:colcon.colcon_core.package_identification:_identify(ros2_bot_description) by extensions ['colcon_meta']
[0.079s] Level 1:colcon.colcon_core.package_identification:_identify(ros2_bot_description) by extension 'colcon_meta'
[0.079s] Level 1:colcon.colcon_core.package_identification:_identify(ros2_bot_description) by extensions ['ros']
[0.079s] Level 1:colcon.colcon_core.package_identification:_identify(ros2_bot_description) by extension 'ros'
[0.080s] DEBUG:colcon.colcon_core.package_identification:Package 'ros2_bot_description' with type 'ros.cmake' and name 'ros2_bot_description'
[0.080s] Level 1:colcon.colcon_core.package_identification:_identify(ros_2_bot_cpp) by extensions ['ignore', 'ignore_ament_install']
[0.080s] Level 1:colcon.colcon_core.package_identification:_identify(ros_2_bot_cpp) by extension 'ignore'
[0.080s] Level 1:colcon.colcon_core.package_identification:_identify(ros_2_bot_cpp) by extension 'ignore_ament_install'
[0.080s] Level 1:colcon.colcon_core.package_identification:_identify(ros_2_bot_cpp) by extensions ['colcon_pkg']
[0.080s] Level 1:colcon.colcon_core.package_identification:_identify(ros_2_bot_cpp) by extension 'colcon_pkg'
[0.080s] Level 1:colcon.colcon_core.package_identification:_identify(ros_2_bot_cpp) by extensions ['colcon_meta']
[0.080s] Level 1:colcon.colcon_core.package_identification:_identify(ros_2_bot_cpp) by extension 'colcon_meta'
[0.080s] Level 1:colcon.colcon_core.package_identification:_identify(ros_2_bot_cpp) by extensions ['ros']
[0.080s] Level 1:colcon.colcon_core.package_identification:_identify(ros_2_bot_cpp) by extension 'ros'
[0.080s] DEBUG:colcon.colcon_core.package_identification:Package 'ros_2_bot_cpp' with type 'ros.ament_cmake' and name 'ros_2_bot_cpp'
[0.080s] Level 1:colcon.colcon_core.package_discovery:discover_packages(recursive) using defaults
[0.080s] Level 1:colcon.colcon_core.package_discovery:discover_packages(ignore) discover
[0.080s] Level 1:colcon.colcon_core.package_discovery:discover_packages(ignore) using defaults
[0.080s] Level 1:colcon.colcon_core.package_discovery:discover_packages(path) discover
[0.080s] Level 1:colcon.colcon_core.package_discovery:discover_packages(path) using defaults
[0.090s] Level 1:colcon.colcon_core.package_discovery:discover_packages(prefix_path) check parameters
[0.090s] Level 1:colcon.colcon_core.package_discovery:discover_packages(prefix_path) discover
[0.091s] DEBUG:colcon.colcon_installed_package_information.package_discovery:Found 1 installed packages in /home/taishawn/ros2bot_ws/install
[0.092s] DEBUG:colcon.colcon_installed_package_information.package_discovery:Found 352 installed packages in /opt/ros/humble
[0.093s] Level 1:colcon.colcon_core.package_discovery:discover_packages(prefix_path) using defaults
[0.114s] Level 5:colcon.colcon_core.verb:set package 'ros2_bot_description' build argument 'cmake_args' from command line to 'None'
[0.114s] Level 5:colcon.colcon_core.verb:set package 'ros2_bot_description' build argument 'cmake_target' from command line to 'None'
[0.114s] Level 5:colcon.colcon_core.verb:set package 'ros2_bot_description' build argument 'cmake_target_skip_unavailable' from command line to 'False'
[0.114s] Level 5:colcon.colcon_core.verb:set package 'ros2_bot_description' build argument 'cmake_clean_cache' from command line to 'False'
[0.114s] Level 5:colcon.colcon_core.verb:set package 'ros2_bot_description' build argument 'cmake_clean_first' from command line to 'False'
[0.114s] Level 5:colcon.colcon_core.verb:set package 'ros2_bot_description' build argument 'cmake_force_configure' from command line to 'False'
[0.114s] Level 5:colcon.colcon_core.verb:set package 'ros2_bot_description' build argument 'ament_cmake_args' from command line to 'None'
[0.114s] Level 5:colcon.colcon_core.verb:set package 'ros2_bot_description' build argument 'catkin_cmake_args' from command line to 'None'
[0.114s] Level 5:colcon.colcon_core.verb:set package 'ros2_bot_description' build argument 'catkin_skip_building_tests' from command line to 'False'
[0.114s] DEBUG:colcon.colcon_core.verb:Building package 'ros2_bot_description' with the following arguments: {'ament_cmake_args': None, 'build_base': '/home/taishawn/ros2bot_ws/src/build/ros2_bot_description', 'catkin_cmake_args': None, 'catkin_skip_building_tests': False, 'cmake_args': None, 'cmake_clean_cache': False, 'cmake_clean_first': False, 'cmake_force_configure': False, 'cmake_target': None, 'cmake_target_skip_unavailable': False, 'install_base': '/home/taishawn/ros2bot_ws/src/install/ros2_bot_description', 'merge_install': False, 'path': '/home/taishawn/ros2bot_ws/src/ros2_bot_description', 'symlink_install': False, 'test_result_base': None}
[0.114s] Level 5:colcon.colcon_core.verb:set package 'ros_2_bot_cpp' build argument 'cmake_args' from command line to 'None'
[0.114s] Level 5:colcon.colcon_core.verb:set package 'ros_2_bot_cpp' build argument 'cmake_target' from command line to 'None'
[0.114s] Level 5:colcon.colcon_core.verb:set package 'ros_2_bot_cpp' build argument 'cmake_target_skip_unavailable' from command line to 'False'
[0.114s] Level 5:colcon.colcon_core.verb:set package 'ros_2_bot_cpp' build argument 'cmake_clean_cache' from command line to 'False'
[0.114s] Level 5:colcon.colcon_core.verb:set package 'ros_2_bot_cpp' build argument 'cmake_clean_first' from command line to 'False'
[0.114s] Level 5:colcon.colcon_core.verb:set package 'ros_2_bot_cpp' build argument 'cmake_force_configure' from command line to 'False'
[0.114s] Level 5:colcon.colcon_core.verb:set package 'ros_2_bot_cpp' build argument 'ament_cmake_args' from command line to 'None'
[0.114s] Level 5:colcon.colcon_core.verb:set package 'ros_2_bot_cpp' build argument 'catkin_cmake_args' from command line to 'None'
[0.114s] Level 5:colcon.colcon_core.verb:set package 'ros_2_bot_cpp' build argument 'catkin_skip_building_tests' from command line to 'False'
[0.114s] DEBUG:colcon.colcon_core.verb:Building package 'ros_2_bot_cpp' with the following arguments: {'ament_cmake_args': None, 'build_base': '/home/taishawn/ros2bot_ws/src/build/ros_2_bot_cpp', 'catkin_cmake_args': None, 'catkin_skip_building_tests': False, 'cmake_args': None, 'cmake_clean_cache': False, 'cmake_clean_first': False, 'cmake_force_configure': False, 'cmake_target': None, 'cmake_target_skip_unavailable': False, 'install_base': '/home/taishawn/ros2bot_ws/src/install/ros_2_bot_cpp', 'merge_install': False, 'path': '/home/taishawn/ros2bot_ws/src/ros_2_bot_cpp', 'symlink_install': False, 'test_result_base': None}
[0.115s] INFO:colcon.colcon_core.executor:Executing jobs using 'parallel' executor
[0.115s] DEBUG:colcon.colcon_parallel_executor.executor.parallel:run_until_complete
[0.115s] INFO:colcon.colcon_ros.task.cmake.build:Building ROS package in '/home/taishawn/ros2bot_ws/src/ros2_bot_description' with build type 'cmake'
[0.115s] INFO:colcon.colcon_cmake.task.cmake.build:Building CMake package in '/home/taishawn/ros2bot_ws/src/ros2_bot_description'
[0.116s] INFO:colcon.colcon_core.plugin_system:Skipping extension 'colcon_core.shell.bat': Not used on non-Windows systems
[0.116s] INFO:colcon.colcon_core.shell:Skip shell extension 'powershell' for command environment: Not usable outside of PowerShell
[0.116s] DEBUG:colcon.colcon_core.shell:Skip shell extension 'dsv' for command environment
[0.118s] INFO:colcon.colcon_ros.task.ament_cmake.build:Building ROS package in '/home/taishawn/ros2bot_ws/src/ros_2_bot_cpp' with build type 'ament_cmake'
[0.118s] INFO:colcon.colcon_cmake.task.cmake.build:Building CMake package in '/home/taishawn/ros2bot_ws/src/ros_2_bot_cpp'
[0.119s] INFO:colcon.colcon_core.shell:Skip shell extension 'powershell' for command environment: Not usable outside of PowerShell
[0.119s] DEBUG:colcon.colcon_core.shell:Skip shell extension 'dsv' for command environment
[0.122s] DEBUG:colcon.colcon_core.event_handler.log_command:Invoking command in '/home/taishawn/ros2bot_ws/src/build/ros2_bot_description': CMAKE_PREFIX_PATH=${CMAKE_PREFIX_PATH}:/opt/ros/humble /usr/bin/cmake /home/taishawn/ros2bot_ws/src/ros2_bot_description -DCMAKE_INSTALL_PREFIX=/home/taishawn/ros2bot_ws/src/install/ros2_bot_description
[0.124s] DEBUG:colcon.colcon_core.event_handler.log_command:Invoking command in '/home/taishawn/ros2bot_ws/src/build/ros_2_bot_cpp': CMAKE_PREFIX_PATH=${CMAKE_PREFIX_PATH}:/opt/ros/humble /usr/bin/cmake /home/taishawn/ros2bot_ws/src/ros_2_bot_cpp -DCMAKE_INSTALL_PREFIX=/home/taishawn/ros2bot_ws/src/install/ros_2_bot_cpp
[0.312s] DEBUG:colcon.colcon_core.event_handler.log_command:Invoked command in '/home/taishawn/ros2bot_ws/src/build/ros2_bot_description' returned '0': CMAKE_PREFIX_PATH=${CMAKE_PREFIX_PATH}:/opt/ros/humble /usr/bin/cmake /home/taishawn/ros2bot_ws/src/ros2_bot_description -DCMAKE_INSTALL_PREFIX=/home/taishawn/ros2bot_ws/src/install/ros2_bot_description
[0.313s] DEBUG:colcon.colcon_core.event_handler.log_command:Invoking command in '/home/taishawn/ros2bot_ws/src/build/ros2_bot_description': CMAKE_PREFIX_PATH=${CMAKE_PREFIX_PATH}:/opt/ros/humble /usr/bin/cmake --build /home/taishawn/ros2bot_ws/src/build/ros2_bot_description -- -j24 -l24
[0.340s] DEBUG:colcon.colcon_core.event_handler.log_command:Invoked command in '/home/taishawn/ros2bot_ws/src/build/ros2_bot_description' returned '0': CMAKE_PREFIX_PATH=${CMAKE_PREFIX_PATH}:/opt/ros/humble /usr/bin/cmake --build /home/taishawn/ros2bot_ws/src/build/ros2_bot_description -- -j24 -l24
[0.351s] WARNING:colcon.colcon_cmake.task.cmake.build:Could not run installation step for package 'ros2_bot_description' because it has no 'install' target
[0.363s] Level 1:colcon.colcon_core.environment:create_environment_scripts_only(ros2_bot_description)
[0.365s] Level 1:colcon.colcon_core.environment:checking '/home/taishawn/ros2bot_ws/src/install/ros2_bot_description' for CMake module files
[0.365s] Level 1:colcon.colcon_core.environment:checking '/home/taishawn/ros2bot_ws/src/install/ros2_bot_description' for CMake config files
[0.365s] Level 1:colcon.colcon_core.environment:checking '/home/taishawn/ros2bot_ws/src/install/ros2_bot_description/bin'
[0.365s] Level 1:colcon.colcon_core.environment:checking '/home/taishawn/ros2bot_ws/src/install/ros2_bot_description/lib/pkgconfig/ros2_bot_description.pc'
[0.365s] Level 1:colcon.colcon_core.environment:checking '/home/taishawn/ros2bot_ws/src/install/ros2_bot_description/lib/python3.10/site-packages'
[0.365s] Level 1:colcon.colcon_core.environment:checking '/home/taishawn/ros2bot_ws/src/install/ros2_bot_description/bin'
[0.366s] INFO:colcon.colcon_core.shell:Creating package script '/home/taishawn/ros2bot_ws/src/install/ros2_bot_description/share/ros2_bot_description/package.ps1'
[0.366s] INFO:colcon.colcon_core.shell:Creating package descriptor '/home/taishawn/ros2bot_ws/src/install/ros2_bot_description/share/ros2_bot_description/package.dsv'
[0.366s] INFO:colcon.colcon_core.shell:Creating package script '/home/taishawn/ros2bot_ws/src/install/ros2_bot_description/share/ros2_bot_description/package.sh'
[0.367s] INFO:colcon.colcon_core.shell:Creating package script '/home/taishawn/ros2bot_ws/src/install/ros2_bot_description/share/ros2_bot_description/package.bash'
[0.367s] INFO:colcon.colcon_core.shell:Creating package script '/home/taishawn/ros2bot_ws/src/install/ros2_bot_description/share/ros2_bot_description/package.zsh'
[0.367s] Level 1:colcon.colcon_core.environment:create_file_with_runtime_dependencies(/home/taishawn/ros2bot_ws/src/install/ros2_bot_description/share/colcon-core/packages/ros2_bot_description)
[0.934s] DEBUG:colcon.colcon_core.event_handler.log_command:Invoked command in '/home/taishawn/ros2bot_ws/src/build/ros_2_bot_cpp' returned '0': CMAKE_PREFIX_PATH=${CMAKE_PREFIX_PATH}:/opt/ros/humble /usr/bin/cmake /home/taishawn/ros2bot_ws/src/ros_2_bot_cpp -DCMAKE_INSTALL_PREFIX=/home/taishawn/ros2bot_ws/src/install/ros_2_bot_cpp
[0.935s] DEBUG:colcon.colcon_core.event_handler.log_command:Invoking command in '/home/taishawn/ros2bot_ws/src/build/ros_2_bot_cpp': CMAKE_PREFIX_PATH=${CMAKE_PREFIX_PATH}:/opt/ros/humble /usr/bin/cmake --build /home/taishawn/ros2bot_ws/src/build/ros_2_bot_cpp -- -j24 -l24
[5.405s] DEBUG:colcon.colcon_core.event_handler.log_command:Invoked command in '/home/taishawn/ros2bot_ws/src/build/ros_2_bot_cpp' returned '0': CMAKE_PREFIX_PATH=${CMAKE_PREFIX_PATH}:/opt/ros/humble /usr/bin/cmake --build /home/taishawn/ros2bot_ws/src/build/ros_2_bot_cpp -- -j24 -l24
[5.427s] DEBUG:colcon.colcon_core.event_handler.log_command:Invoking command in '/home/taishawn/ros2bot_ws/src/build/ros_2_bot_cpp': CMAKE_PREFIX_PATH=${CMAKE_PREFIX_PATH}:/opt/ros/humble /usr/bin/cmake --install /home/taishawn/ros2bot_ws/src/build/ros_2_bot_cpp
[5.437s] Level 1:colcon.colcon_core.environment:create_environment_scripts_only(ros_2_bot_cpp)
[5.438s] Level 1:colcon.colcon_core.environment:checking '/home/taishawn/ros2bot_ws/src/install/ros_2_bot_cpp' for CMake module files
[5.438s] DEBUG:colcon.colcon_core.event_handler.log_command:Invoked command in '/home/taishawn/ros2bot_ws/src/build/ros_2_bot_cpp' returned '0': CMAKE_PREFIX_PATH=${CMAKE_PREFIX_PATH}:/opt/ros/humble /usr/bin/cmake --install /home/taishawn/ros2bot_ws/src/build/ros_2_bot_cpp
[5.438s] Level 1:colcon.colcon_core.environment:checking '/home/taishawn/ros2bot_ws/src/install/ros_2_bot_cpp' for CMake config files
[5.438s] Level 1:colcon.colcon_core.shell:create_environment_hook('ros_2_bot_cpp', 'cmake_prefix_path')
[5.438s] INFO:colcon.colcon_core.shell:Creating environment hook '/home/taishawn/ros2bot_ws/src/install/ros_2_bot_cpp/share/ros_2_bot_cpp/hook/cmake_prefix_path.ps1'
[5.439s] INFO:colcon.colcon_core.shell:Creating environment descriptor '/home/taishawn/ros2bot_ws/src/install/ros_2_bot_cpp/share/ros_2_bot_cpp/hook/cmake_prefix_path.dsv'
[5.439s] INFO:colcon.colcon_core.shell:Creating environment hook '/home/taishawn/ros2bot_ws/src/install/ros_2_bot_cpp/share/ros_2_bot_cpp/hook/cmake_prefix_path.sh'
[5.439s] Level 1:colcon.colcon_core.environment:checking '/home/taishawn/ros2bot_ws/src/install/ros_2_bot_cpp/lib'
[5.439s] Level 1:colcon.colcon_core.environment:checking '/home/taishawn/ros2bot_ws/src/install/ros_2_bot_cpp/bin'
[5.440s] Level 1:colcon.colcon_core.environment:checking '/home/taishawn/ros2bot_ws/src/install/ros_2_bot_cpp/lib/pkgconfig/ros_2_bot_cpp.pc'
[5.440s] Level 1:colcon.colcon_core.environment:checking '/home/taishawn/ros2bot_ws/src/install/ros_2_bot_cpp/lib/python3.10/site-packages'
[5.440s] Level 1:colcon.colcon_core.environment:checking '/home/taishawn/ros2bot_ws/src/install/ros_2_bot_cpp/bin'
[5.440s] INFO:colcon.colcon_core.shell:Creating package script '/home/taishawn/ros2bot_ws/src/install/ros_2_bot_cpp/share/ros_2_bot_cpp/package.ps1'
[5.440s] INFO:colcon.colcon_core.shell:Creating package descriptor '/home/taishawn/ros2bot_ws/src/install/ros_2_bot_cpp/share/ros_2_bot_cpp/package.dsv'
[5.440s] INFO:colcon.colcon_core.shell:Creating package script '/home/taishawn/ros2bot_ws/src/install/ros_2_bot_cpp/share/ros_2_bot_cpp/package.sh'
[5.441s] INFO:colcon.colcon_core.shell:Creating package script '/home/taishawn/ros2bot_ws/src/install/ros_2_bot_cpp/share/ros_2_bot_cpp/package.bash'
[5.441s] INFO:colcon.colcon_core.shell:Creating package script '/home/taishawn/ros2bot_ws/src/install/ros_2_bot_cpp/share/ros_2_bot_cpp/package.zsh'
[5.441s] Level 1:colcon.colcon_core.environment:create_file_with_runtime_dependencies(/home/taishawn/ros2bot_ws/src/install/ros_2_bot_cpp/share/colcon-core/packages/ros_2_bot_cpp)
[5.459s] Level 1:colcon.colcon_core.environment:create_environment_scripts_only(ros_2_bot_cpp)
[5.459s] Level 1:colcon.colcon_core.environment:checking '/home/taishawn/ros2bot_ws/src/install/ros_2_bot_cpp' for CMake module files
[5.459s] Level 1:colcon.colcon_core.environment:checking '/home/taishawn/ros2bot_ws/src/install/ros_2_bot_cpp' for CMake config files
[5.459s] Level 1:colcon.colcon_core.shell:create_environment_hook('ros_2_bot_cpp', 'cmake_prefix_path')
[5.459s] INFO:colcon.colcon_core.shell:Creating environment hook '/home/taishawn/ros2bot_ws/src/install/ros_2_bot_cpp/share/ros_2_bot_cpp/hook/cmake_prefix_path.ps1'
[5.460s] INFO:colcon.colcon_core.shell:Creating environment descriptor '/home/taishawn/ros2bot_ws/src/install/ros_2_bot_cpp/share/ros_2_bot_cpp/hook/cmake_prefix_path.dsv'
[5.460s] INFO:colcon.colcon_core.shell:Creating environment hook '/home/taishawn/ros2bot_ws/src/install/ros_2_bot_cpp/share/ros_2_bot_cpp/hook/cmake_prefix_path.sh'
[5.460s] Level 1:colcon.colcon_core.environment:checking '/home/taishawn/ros2bot_ws/src/install/ros_2_bot_cpp/lib'
[5.460s] Level 1:colcon.colcon_core.environment:checking '/home/taishawn/ros2bot_ws/src/install/ros_2_bot_cpp/bin'
[5.460s] Level 1:colcon.colcon_core.environment:checking '/home/taishawn/ros2bot_ws/src/install/ros_2_bot_cpp/lib/pkgconfig/ros_2_bot_cpp.pc'
[5.460s] Level 1:colcon.colcon_core.environment:checking '/home/taishawn/ros2bot_ws/src/install/ros_2_bot_cpp/lib/python3.10/site-packages'
[5.460s] Level 1:colcon.colcon_core.environment:checking '/home/taishawn/ros2bot_ws/src/install/ros_2_bot_cpp/bin'
[5.460s] INFO:colcon.colcon_core.shell:Creating package script '/home/taishawn/ros2bot_ws/src/install/ros_2_bot_cpp/share/ros_2_bot_cpp/package.ps1'
[5.461s] INFO:colcon.colcon_core.shell:Creating package descriptor '/home/taishawn/ros2bot_ws/src/install/ros_2_bot_cpp/share/ros_2_bot_cpp/package.dsv'
[5.461s] INFO:colcon.colcon_core.shell:Creating package script '/home/taishawn/ros2bot_ws/src/install/ros_2_bot_cpp/share/ros_2_bot_cpp/package.sh'
[5.461s] INFO:colcon.colcon_core.shell:Creating package script '/home/taishawn/ros2bot_ws/src/install/ros_2_bot_cpp/share/ros_2_bot_cpp/package.bash'
[5.461s] INFO:colcon.colcon_core.shell:Creating package script '/home/taishawn/ros2bot_ws/src/install/ros_2_bot_cpp/share/ros_2_bot_cpp/package.zsh'
[5.461s] Level 1:colcon.colcon_core.environment:create_file_with_runtime_dependencies(/home/taishawn/ros2bot_ws/src/install/ros_2_bot_cpp/share/colcon-core/packages/ros_2_bot_cpp)
[5.461s] DEBUG:colcon.colcon_parallel_executor.executor.parallel:closing loop
[5.462s] DEBUG:colcon.colcon_parallel_executor.executor.parallel:loop closed
[5.462s] DEBUG:colcon.colcon_parallel_executor.executor.parallel:run_until_complete finished with '0'
[5.462s] DEBUG:colcon.colcon_core.event_reactor:joining thread
[5.465s] INFO:colcon.colcon_core.plugin_system:Skipping extension 'colcon_notification.desktop_notification.terminal_notifier': Not used on non-Darwin systems
[5.465s] INFO:colcon.colcon_core.plugin_system:Skipping extension 'colcon_notification.desktop_notification.win32': Not used on non-Windows systems
[5.465s] INFO:colcon.colcon_notification.desktop_notification:Sending desktop notification using 'notify2'
[5.471s] DEBUG:colcon.colcon_core.event_reactor:joined thread
[5.471s] INFO:colcon.colcon_core.shell:Creating prefix script '/home/taishawn/ros2bot_ws/src/install/local_setup.ps1'
[5.472s] INFO:colcon.colcon_core.shell:Creating prefix util module '/home/taishawn/ros2bot_ws/src/install/_local_setup_util_ps1.py'
[5.472s] INFO:colcon.colcon_core.shell:Creating prefix chain script '/home/taishawn/ros2bot_ws/src/install/setup.ps1'
[5.473s] INFO:colcon.colcon_core.shell:Creating prefix script '/home/taishawn/ros2bot_ws/src/install/local_setup.sh'
[5.473s] INFO:colcon.colcon_core.shell:Creating prefix util module '/home/taishawn/ros2bot_ws/src/install/_local_setup_util_sh.py'
[5.473s] INFO:colcon.colcon_core.shell:Creating prefix chain script '/home/taishawn/ros2bot_ws/src/install/setup.sh'
[5.474s] INFO:colcon.colcon_core.shell:Creating prefix script '/home/taishawn/ros2bot_ws/src/install/local_setup.bash'
[5.474s] INFO:colcon.colcon_core.shell:Creating prefix chain script '/home/taishawn/ros2bot_ws/src/install/setup.bash'
[5.475s] INFO:colcon.colcon_core.shell:Creating prefix script '/home/taishawn/ros2bot_ws/src/install/local_setup.zsh'
[5.475s] INFO:colcon.colcon_core.shell:Creating prefix chain script '/home/taishawn/ros2bot_ws/src/install/setup.zsh'
