[100%] Built target simple_parameter
[100%] Built target simple_subscriber
[100%] Built target simple_publisher
-- Install configuration: ""
-- Up-to-date: /home/taishawn/ros2bot_ws/install/ros_2_bot_cpp/lib/ros_2_bot_cpp/simple_publisher
-- Up-to-date: /home/taishawn/ros2bot_ws/install/ros_2_bot_cpp/lib/ros_2_bot_cpp/simple_subscriber
-- Up-to-date: /home/taishawn/ros2bot_ws/install/ros_2_bot_cpp/lib/ros_2_bot_cpp/simple_parameter
-- Up-to-date: /home/taishawn/ros2bot_ws/install/ros_2_bot_cpp/share/ament_index/resource_index/package_run_dependencies/ros_2_bot_cpp
-- Up-to-date: /home/taishawn/ros2bot_ws/install/ros_2_bot_cpp/share/ament_index/resource_index/parent_prefix_path/ros_2_bot_cpp
-- Up-to-date: /home/taishawn/ros2bot_ws/install/ros_2_bot_cpp/share/ros_2_bot_cpp/environment/ament_prefix_path.sh
-- Up-to-date: /home/taishawn/ros2bot_ws/install/ros_2_bot_cpp/share/ros_2_bot_cpp/environment/ament_prefix_path.dsv
-- Up-to-date: /home/taishawn/ros2bot_ws/install/ros_2_bot_cpp/share/ros_2_bot_cpp/environment/path.sh
-- Up-to-date: /home/taishawn/ros2bot_ws/install/ros_2_bot_cpp/share/ros_2_bot_cpp/environment/path.dsv
-- Up-to-date: /home/taishawn/ros2bot_ws/install/ros_2_bot_cpp/share/ros_2_bot_cpp/local_setup.bash
-- Up-to-date: /home/taishawn/ros2bot_ws/install/ros_2_bot_cpp/share/ros_2_bot_cpp/local_setup.sh
-- Up-to-date: /home/taishawn/ros2bot_ws/install/ros_2_bot_cpp/share/ros_2_bot_cpp/local_setup.zsh
-- Up-to-date: /home/taishawn/ros2bot_ws/install/ros_2_bot_cpp/share/ros_2_bot_cpp/local_setup.dsv
-- Installing: /home/taishawn/ros2bot_ws/install/ros_2_bot_cpp/share/ros_2_bot_cpp/package.dsv
-- Up-to-date: /home/taishawn/ros2bot_ws/install/ros_2_bot_cpp/share/ament_index/resource_index/packages/ros_2_bot_cpp
-- Up-to-date: /home/taishawn/ros2bot_ws/install/ros_2_bot_cpp/share/ros_2_bot_cpp/cmake/ros_2_bot_cppConfig.cmake
-- Up-to-date: /home/taishawn/ros2bot_ws/install/ros_2_bot_cpp/share/ros_2_bot_cpp/cmake/ros_2_bot_cppConfig-version.cmake
-- Up-to-date: /home/taishawn/ros2bot_ws/install/ros_2_bot_cpp/share/ros_2_bot_cpp/package.xml
