[0.006s] Invoking command in '/home/taishawn/ros2bot_ws/build/ros_2_bot_cpp': CMAKE_PREFIX_PATH=${CMAKE_PREFIX_PATH}:/opt/ros/humble /usr/bin/cmake --build /home/taishawn/ros2bot_ws/build/ros_2_bot_cpp -- -j24 -l24
[0.022s] -- Found ament_cmake: 1.3.10 (/opt/ros/humble/share/ament_cmake/cmake)
[0.088s] -- Found rclcpp: 16.0.10 (/opt/ros/humble/share/rclcpp/cmake)
[0.102s] -- Found rosidl_generator_c: 3.1.5 (/opt/ros/humble/share/rosidl_generator_c/cmake)
[0.103s] -- Found rosidl_adapter: 3.1.5 (/opt/ros/humble/share/rosidl_adapter/cmake)
[0.106s] -- Found rosidl_generator_cpp: 3.1.5 (/opt/ros/humble/share/rosidl_generator_cpp/cmake)
[0.111s] -- Using all available rosidl_typesupport_c: rosidl_typesupport_fastrtps_c;rosidl_typesupport_introspection_c
[0.116s] -- Using all available rosidl_typesupport_cpp: rosidl_typesupport_fastrtps_cpp;rosidl_typesupport_introspection_cpp
[0.132s] -- Found rmw_implementation_cmake: 6.1.2 (/opt/ros/humble/share/rmw_implementation_cmake/cmake)
[0.133s] -- Found rmw_fastrtps_cpp: 6.2.7 (/opt/ros/humble/share/rmw_fastrtps_cpp/cmake)
[0.192s] -- Using RMW implementation 'rmw_fastrtps_cpp' as default
[0.215s] -- Found ament_lint_auto: 0.12.11 (/opt/ros/humble/share/ament_lint_auto/cmake)
[0.248s] -- Added test 'cppcheck' to perform static code analysis on C / C++ code
[0.248s] -- Configured cppcheck include dirs: 
[0.248s] -- Configured cppcheck exclude dirs and/or files: 
[0.248s] -- Added test 'lint_cmake' to check CMake code style
[0.248s] -- Added test 'uncrustify' to check C / C++ code style
[0.248s] -- Configured uncrustify additional arguments: 
[0.248s] -- Added test 'xmllint' to check XML markup files
[0.249s] -- Configuring done
[0.256s] -- Generating done
[0.257s] -- Build files have been written to: /home/taishawn/ros2bot_ws/build/ros_2_bot_cpp
[0.276s] [35m[1mConsolidate compiler generated dependencies of target simple_publisher[0m
[0.276s] [35m[1mConsolidate compiler generated dependencies of target simple_subscriber[0m
[0.288s] [100%] Built target simple_publisher
[0.288s] [100%] Built target simple_subscriber
