[0.007s] Invoking command in '/home/taishawn/ros2bot_ws/build/ros2_bot_description': CMAKE_PREFIX_PATH=${CMAKE_PREFIX_PATH}:/opt/ros/humble /usr/bin/cmake /home/taishawn/ros2bot_ws/src/ros2_bot_description -DCMAKE_INSTALL_PREFIX=/home/taishawn/ros2bot_ws/install/ros2_bot_description
[0.046s] -- The C compiler identification is GNU 11.4.0
[0.083s] -- The CXX compiler identification is GNU 11.4.0
[0.088s] -- Detecting C compiler ABI info
[0.138s] -- Detecting C compiler ABI info - done
[0.144s] -- Check for working C compiler: /usr/bin/cc - skipped
[0.144s] -- Detecting C compile features
[0.144s] -- Detecting C compile features - done
[0.146s] -- Detecting CXX compiler ABI info
[0.204s] -- Detecting CXX compiler ABI info - done
[0.209s] -- Check for working CXX compiler: /usr/bin/c++ - skipped
[0.209s] -- Detecting CXX compile features
[0.209s] -- Detecting CXX compile features - done
[0.211s] -- Found ament_cmake: 1.3.10 (/opt/ros/humble/share/ament_cmake/cmake)
[0.448s] -- Found Python3: /usr/bin/python3 (found version "3.10.12") found components: Interpreter 
[0.534s] -- Configuring done
[0.536s] -- Generating done
[0.536s] -- Build files have been written to: /home/taishawn/ros2bot_ws/build/ros2_bot_description
[0.540s] Invoked command in '/home/taishawn/ros2bot_ws/build/ros2_bot_description' returned '0': CMAKE_PREFIX_PATH=${CMAKE_PREFIX_PATH}:/opt/ros/humble /usr/bin/cmake /home/taishawn/ros2bot_ws/src/ros2_bot_description -DCMAKE_INSTALL_PREFIX=/home/taishawn/ros2bot_ws/install/ros2_bot_description
[0.541s] Invoking command in '/home/taishawn/ros2bot_ws/build/ros2_bot_description': CMAKE_PREFIX_PATH=${CMAKE_PREFIX_PATH}:/opt/ros/humble /usr/bin/cmake --build /home/taishawn/ros2bot_ws/build/ros2_bot_description -- -j24 -l24
[0.567s] Invoked command in '/home/taishawn/ros2bot_ws/build/ros2_bot_description' returned '0': CMAKE_PREFIX_PATH=${CMAKE_PREFIX_PATH}:/opt/ros/humble /usr/bin/cmake --build /home/taishawn/ros2bot_ws/build/ros2_bot_description -- -j24 -l24
[0.583s] Invoking command in '/home/taishawn/ros2bot_ws/build/ros2_bot_description': CMAKE_PREFIX_PATH=${CMAKE_PREFIX_PATH}:/opt/ros/humble /usr/bin/cmake --install /home/taishawn/ros2bot_ws/build/ros2_bot_description
[0.588s] -- Install configuration: ""
[0.588s] -- Installing: /home/taishawn/ros2bot_ws/install/ros2_bot_description/share/ros2_bot_description/meshes
[0.588s] -- Installing: /home/taishawn/ros2bot_ws/install/ros2_bot_description/share/ros2_bot_description/meshes/triangular_link.STL
[0.589s] -- Installing: /home/taishawn/ros2bot_ws/install/ros2_bot_description/share/ros2_bot_description/meshes/horizontal_arm.STL
[0.591s] -- Installing: /home/taishawn/ros2bot_ws/install/ros2_bot_description/share/ros2_bot_description/meshes/plate.STL
[0.594s] -- Installing: /home/taishawn/ros2bot_ws/install/ros2_bot_description/share/ros2_bot_description/meshes/right_finger.STL
[0.594s] -- Installing: /home/taishawn/ros2bot_ws/install/ros2_bot_description/share/ros2_bot_description/meshes/forward_drive_arm.STL
[0.597s] -- Installing: /home/taishawn/ros2bot_ws/install/ros2_bot_description/share/ros2_bot_description/meshes/vertical_drive_arm.STL
[0.598s] -- Installing: /home/taishawn/ros2bot_ws/install/ros2_bot_description/share/ros2_bot_description/meshes/claw_support.STL
[0.599s] -- Installing: /home/taishawn/ros2bot_ws/install/ros2_bot_description/share/ros2_bot_description/meshes/round_plate.STL
[0.599s] -- Installing: /home/taishawn/ros2bot_ws/install/ros2_bot_description/share/ros2_bot_description/meshes/link.STL
[0.600s] -- Installing: /home/taishawn/ros2bot_ws/install/ros2_bot_description/share/ros2_bot_description/meshes/basement.STL
[0.601s] -- Installing: /home/taishawn/ros2bot_ws/install/ros2_bot_description/share/ros2_bot_description/meshes/servo_plate.STL
[0.601s] -- Installing: /home/taishawn/ros2bot_ws/install/ros2_bot_description/share/ros2_bot_description/meshes/left_finger.STL
[0.601s] -- Installing: /home/taishawn/ros2bot_ws/install/ros2_bot_description/share/ros2_bot_description/meshes/base_plate.STL
[0.604s] -- Installing: /home/taishawn/ros2bot_ws/install/ros2_bot_description/share/ros2_bot_description/urdf
[0.604s] -- Installing: /home/taishawn/ros2bot_ws/install/ros2_bot_description/share/ros2_bot_description/urdf/ros2bot.urdf.xacro
[0.604s] -- Installing: /home/taishawn/ros2bot_ws/install/ros2_bot_description/share/ament_index/resource_index/package_run_dependencies/ros2_bot_description
[0.604s] -- Installing: /home/taishawn/ros2bot_ws/install/ros2_bot_description/share/ament_index/resource_index/parent_prefix_path/ros2_bot_description
[0.604s] -- Installing: /home/taishawn/ros2bot_ws/install/ros2_bot_description/share/ros2_bot_description/environment/ament_prefix_path.sh
[0.605s] -- Installing: /home/taishawn/ros2bot_ws/install/ros2_bot_description/share/ros2_bot_description/environment/ament_prefix_path.dsv
[0.605s] -- Installing: /home/taishawn/ros2bot_ws/install/ros2_bot_description/share/ros2_bot_description/environment/path.sh
[0.605s] -- Installing: /home/taishawn/ros2bot_ws/install/ros2_bot_description/share/ros2_bot_description/environment/path.dsv
[0.605s] -- Installing: /home/taishawn/ros2bot_ws/install/ros2_bot_description/share/ros2_bot_description/local_setup.bash
[0.605s] -- Installing: /home/taishawn/ros2bot_ws/install/ros2_bot_description/share/ros2_bot_description/local_setup.sh
[0.605s] -- Installing: /home/taishawn/ros2bot_ws/install/ros2_bot_description/share/ros2_bot_description/local_setup.zsh
[0.605s] -- Installing: /home/taishawn/ros2bot_ws/install/ros2_bot_description/share/ros2_bot_description/local_setup.dsv
[0.605s] -- Installing: /home/taishawn/ros2bot_ws/install/ros2_bot_description/share/ros2_bot_description/package.dsv
[0.605s] -- Installing: /home/taishawn/ros2bot_ws/install/ros2_bot_description/share/ament_index/resource_index/packages/ros2_bot_description
[0.605s] -- Installing: /home/taishawn/ros2bot_ws/install/ros2_bot_description/share/ros2_bot_description/cmake/ros2_bot_descriptionConfig.cmake
[0.605s] -- Installing: /home/taishawn/ros2bot_ws/install/ros2_bot_description/share/ros2_bot_description/cmake/ros2_bot_descriptionConfig-version.cmake
[0.606s] -- Installing: /home/taishawn/ros2bot_ws/install/ros2_bot_description/share/ros2_bot_description/package.xml
[0.607s] Invoked command in '/home/taishawn/ros2bot_ws/build/ros2_bot_description' returned '0': CMAKE_PREFIX_PATH=${CMAKE_PREFIX_PATH}:/opt/ros/humble /usr/bin/cmake --install /home/taishawn/ros2bot_ws/build/ros2_bot_description
