-- Install configuration: ""
-- Up-to-date: /home/taishawn/ros2bot_ws/install/ros2_bot_description/share/ros2_bot_description/meshes
-- Up-to-date: /home/taishawn/ros2bot_ws/install/ros2_bot_description/share/ros2_bot_description/meshes/triangular_link.STL
-- Up-to-date: /home/taishawn/ros2bot_ws/install/ros2_bot_description/share/ros2_bot_description/meshes/horizontal_arm.STL
-- Up-to-date: /home/taishawn/ros2bot_ws/install/ros2_bot_description/share/ros2_bot_description/meshes/plate.STL
-- Up-to-date: /home/taishawn/ros2bot_ws/install/ros2_bot_description/share/ros2_bot_description/meshes/right_finger.STL
-- Up-to-date: /home/taishawn/ros2bot_ws/install/ros2_bot_description/share/ros2_bot_description/meshes/forward_drive_arm.STL
-- Up-to-date: /home/taishawn/ros2bot_ws/install/ros2_bot_description/share/ros2_bot_description/meshes/vertical_drive_arm.STL
-- Up-to-date: /home/taishawn/ros2bot_ws/install/ros2_bot_description/share/ros2_bot_description/meshes/claw_support.STL
-- Up-to-date: /home/taishawn/ros2bot_ws/install/ros2_bot_description/share/ros2_bot_description/meshes/round_plate.STL
-- Up-to-date: /home/taishawn/ros2bot_ws/install/ros2_bot_description/share/ros2_bot_description/meshes/link.STL
-- Up-to-date: /home/taishawn/ros2bot_ws/install/ros2_bot_description/share/ros2_bot_description/meshes/basement.STL
-- Up-to-date: /home/taishawn/ros2bot_ws/install/ros2_bot_description/share/ros2_bot_description/meshes/servo_plate.STL
-- Up-to-date: /home/taishawn/ros2bot_ws/install/ros2_bot_description/share/ros2_bot_description/meshes/left_finger.STL
-- Up-to-date: /home/taishawn/ros2bot_ws/install/ros2_bot_description/share/ros2_bot_description/meshes/base_plate.STL
-- Up-to-date: /home/taishawn/ros2bot_ws/install/ros2_bot_description/share/ros2_bot_description/urdf
-- Up-to-date: /home/taishawn/ros2bot_ws/install/ros2_bot_description/share/ros2_bot_description/urdf/ros2bot.urdf.xacro
-- Up-to-date: /home/taishawn/ros2bot_ws/install/ros2_bot_description/share/ros2_bot_description/launch
-- Installing: /home/taishawn/ros2bot_ws/install/ros2_bot_description/share/ros2_bot_description/launch/display.launch.py
-- Up-to-date: /home/taishawn/ros2bot_ws/install/ros2_bot_description/share/ros2_bot_description/rviz
-- Up-to-date: /home/taishawn/ros2bot_ws/install/ros2_bot_description/share/ros2_bot_description/rviz/displayconfig.rviz
-- Up-to-date: /home/taishawn/ros2bot_ws/install/ros2_bot_description/share/ament_index/resource_index/package_run_dependencies/ros2_bot_description
-- Up-to-date: /home/taishawn/ros2bot_ws/install/ros2_bot_description/share/ament_index/resource_index/parent_prefix_path/ros2_bot_description
-- Up-to-date: /home/taishawn/ros2bot_ws/install/ros2_bot_description/share/ros2_bot_description/environment/ament_prefix_path.sh
-- Up-to-date: /home/taishawn/ros2bot_ws/install/ros2_bot_description/share/ros2_bot_description/environment/ament_prefix_path.dsv
-- Up-to-date: /home/taishawn/ros2bot_ws/install/ros2_bot_description/share/ros2_bot_description/environment/path.sh
-- Up-to-date: /home/taishawn/ros2bot_ws/install/ros2_bot_description/share/ros2_bot_description/environment/path.dsv
-- Up-to-date: /home/taishawn/ros2bot_ws/install/ros2_bot_description/share/ros2_bot_description/local_setup.bash
-- Up-to-date: /home/taishawn/ros2bot_ws/install/ros2_bot_description/share/ros2_bot_description/local_setup.sh
-- Up-to-date: /home/taishawn/ros2bot_ws/install/ros2_bot_description/share/ros2_bot_description/local_setup.zsh
-- Up-to-date: /home/taishawn/ros2bot_ws/install/ros2_bot_description/share/ros2_bot_description/local_setup.dsv
-- Up-to-date: /home/taishawn/ros2bot_ws/install/ros2_bot_description/share/ros2_bot_description/package.dsv
-- Up-to-date: /home/taishawn/ros2bot_ws/install/ros2_bot_description/share/ament_index/resource_index/packages/ros2_bot_description
-- Up-to-date: /home/taishawn/ros2bot_ws/install/ros2_bot_description/share/ros2_bot_description/cmake/ros2_bot_descriptionConfig.cmake
-- Up-to-date: /home/taishawn/ros2bot_ws/install/ros2_bot_description/share/ros2_bot_description/cmake/ros2_bot_descriptionConfig-version.cmake
-- Up-to-date: /home/taishawn/ros2bot_ws/install/ros2_bot_description/share/ros2_bot_description/package.xml
