[0.010s] Invoking command in '/home/taishawn/ros2bot_ws/build/ros2_bot_description': CMAKE_PREFIX_PATH=${CMAKE_PREFIX_PATH}:/opt/ros/humble /usr/bin/cmake --build /home/taishawn/ros2bot_ws/build/ros2_bot_description -- -j24 -l24
[0.024s] -- Found ament_cmake: 1.3.10 (/opt/ros/humble/share/ament_cmake/cmake)
[0.121s] -- Configuring done
[0.123s] -- Generating done
[0.124s] -- Build files have been written to: /home/taishawn/ros2bot_ws/build/ros2_bot_description
[0.136s] Invoked command in '/home/taishawn/ros2bot_ws/build/ros2_bot_description' returned '0': CMAKE_PREFIX_PATH=${CMAKE_PREFIX_PATH}:/opt/ros/humble /usr/bin/cmake --build /home/taishawn/ros2bot_ws/build/ros2_bot_description -- -j24 -l24
[0.149s] Invoking command in '/home/taishawn/ros2bot_ws/build/ros2_bot_description': CMAKE_PREFIX_PATH=${CMAKE_PREFIX_PATH}:/opt/ros/humble /usr/bin/cmake --install /home/taishawn/ros2bot_ws/build/ros2_bot_description
[0.153s] -- Install configuration: ""
[0.153s] -- Up-to-date: /home/taishawn/ros2bot_ws/install/ros2_bot_description/share/ros2_bot_description/meshes
[0.153s] -- Up-to-date: /home/taishawn/ros2bot_ws/install/ros2_bot_description/share/ros2_bot_description/meshes/triangular_link.STL
[0.153s] -- Up-to-date: /home/taishawn/ros2bot_ws/install/ros2_bot_description/share/ros2_bot_description/meshes/horizontal_arm.STL
[0.154s] -- Up-to-date: /home/taishawn/ros2bot_ws/install/ros2_bot_description/share/ros2_bot_description/meshes/plate.STL
[0.154s] -- Up-to-date: /home/taishawn/ros2bot_ws/install/ros2_bot_description/share/ros2_bot_description/meshes/right_finger.STL
[0.154s] -- Up-to-date: /home/taishawn/ros2bot_ws/install/ros2_bot_description/share/ros2_bot_description/meshes/forward_drive_arm.STL
[0.154s] -- Up-to-date: /home/taishawn/ros2bot_ws/install/ros2_bot_description/share/ros2_bot_description/meshes/vertical_drive_arm.STL
[0.154s] -- Up-to-date: /home/taishawn/ros2bot_ws/install/ros2_bot_description/share/ros2_bot_description/meshes/claw_support.STL
[0.154s] -- Up-to-date: /home/taishawn/ros2bot_ws/install/ros2_bot_description/share/ros2_bot_description/meshes/round_plate.STL
[0.154s] -- Up-to-date: /home/taishawn/ros2bot_ws/install/ros2_bot_description/share/ros2_bot_description/meshes/link.STL
[0.154s] -- Up-to-date: /home/taishawn/ros2bot_ws/install/ros2_bot_description/share/ros2_bot_description/meshes/basement.STL
[0.154s] -- Up-to-date: /home/taishawn/ros2bot_ws/install/ros2_bot_description/share/ros2_bot_description/meshes/servo_plate.STL
[0.154s] -- Up-to-date: /home/taishawn/ros2bot_ws/install/ros2_bot_description/share/ros2_bot_description/meshes/left_finger.STL
[0.154s] -- Up-to-date: /home/taishawn/ros2bot_ws/install/ros2_bot_description/share/ros2_bot_description/meshes/base_plate.STL
[0.154s] -- Up-to-date: /home/taishawn/ros2bot_ws/install/ros2_bot_description/share/ros2_bot_description/urdf
[0.154s] -- Up-to-date: /home/taishawn/ros2bot_ws/install/ros2_bot_description/share/ros2_bot_description/urdf/ros2bot.urdf.xacro
[0.154s] -- Up-to-date: /home/taishawn/ros2bot_ws/install/ros2_bot_description/share/ament_index/resource_index/package_run_dependencies/ros2_bot_description
[0.154s] -- Installing: /home/taishawn/ros2bot_ws/install/ros2_bot_description/share/ament_index/resource_index/parent_prefix_path/ros2_bot_description
[0.154s] -- Up-to-date: /home/taishawn/ros2bot_ws/install/ros2_bot_description/share/ros2_bot_description/environment/ament_prefix_path.sh
[0.154s] -- Installing: /home/taishawn/ros2bot_ws/install/ros2_bot_description/share/ros2_bot_description/environment/ament_prefix_path.dsv
[0.154s] -- Up-to-date: /home/taishawn/ros2bot_ws/install/ros2_bot_description/share/ros2_bot_description/environment/path.sh
[0.154s] -- Installing: /home/taishawn/ros2bot_ws/install/ros2_bot_description/share/ros2_bot_description/environment/path.dsv
[0.154s] -- Up-to-date: /home/taishawn/ros2bot_ws/install/ros2_bot_description/share/ros2_bot_description/local_setup.bash
[0.154s] -- Up-to-date: /home/taishawn/ros2bot_ws/install/ros2_bot_description/share/ros2_bot_description/local_setup.sh
[0.154s] -- Up-to-date: /home/taishawn/ros2bot_ws/install/ros2_bot_description/share/ros2_bot_description/local_setup.zsh
[0.154s] -- Installing: /home/taishawn/ros2bot_ws/install/ros2_bot_description/share/ros2_bot_description/local_setup.dsv
[0.154s] -- Installing: /home/taishawn/ros2bot_ws/install/ros2_bot_description/share/ros2_bot_description/package.dsv
[0.155s] -- Up-to-date: /home/taishawn/ros2bot_ws/install/ros2_bot_description/share/ament_index/resource_index/packages/ros2_bot_description
[0.155s] -- Up-to-date: /home/taishawn/ros2bot_ws/install/ros2_bot_description/share/ros2_bot_description/cmake/ros2_bot_descriptionConfig.cmake
[0.155s] -- Up-to-date: /home/taishawn/ros2bot_ws/install/ros2_bot_description/share/ros2_bot_description/cmake/ros2_bot_descriptionConfig-version.cmake
[0.155s] -- Installing: /home/taishawn/ros2bot_ws/install/ros2_bot_description/share/ros2_bot_description/package.xml
[0.156s] Invoked command in '/home/taishawn/ros2bot_ws/build/ros2_bot_description' returned '0': CMAKE_PREFIX_PATH=${CMAKE_PREFIX_PATH}:/opt/ros/humble /usr/bin/cmake --install /home/taishawn/ros2bot_ws/build/ros2_bot_description
