[0.006s] Invoking command in '/home/taishawn/ros2bot_ws/src/build/ros_2_bot_cpp': CMAKE_PREFIX_PATH=${CMAKE_PREFIX_PATH}:/opt/ros/humble /usr/bin/cmake /home/taishawn/ros2bot_ws/src/ros_2_bot_cpp -DCMAKE_INSTALL_PREFIX=/home/taishawn/ros2bot_ws/src/install/ros_2_bot_cpp
[0.042s] -- The C compiler identification is GNU 11.4.0
[0.075s] -- The CXX compiler identification is GNU 11.4.0
[0.080s] -- Detecting C compiler ABI info
[0.125s] -- Detecting C compiler ABI info - done
[0.129s] -- Check for working C compiler: /usr/bin/cc - skipped
[0.129s] -- Detecting C compile features
[0.129s] -- Detecting C compile features - done
[0.131s] -- Detecting CXX compiler ABI info
[0.185s] -- Detecting CXX compiler ABI info - done
[0.189s] -- Check for working CXX compiler: /usr/bin/c++ - skipped
[0.190s] -- Detecting CXX compile features
[0.190s] -- Detecting CXX compile features - done
[0.192s] -- Found ament_cmake: 1.3.10 (/opt/ros/humble/share/ament_cmake/cmake)
[0.404s] -- Found Python3: /usr/bin/python3 (found version "3.10.12") found components: Interpreter 
[0.454s] -- Found rclcpp: 16.0.10 (/opt/ros/humble/share/rclcpp/cmake)
[0.476s] -- Found rosidl_generator_c: 3.1.5 (/opt/ros/humble/share/rosidl_generator_c/cmake)
[0.479s] -- Found rosidl_adapter: 3.1.5 (/opt/ros/humble/share/rosidl_adapter/cmake)
[0.484s] -- Found rosidl_generator_cpp: 3.1.5 (/opt/ros/humble/share/rosidl_generator_cpp/cmake)
[0.490s] -- Using all available rosidl_typesupport_c: rosidl_typesupport_fastrtps_c;rosidl_typesupport_introspection_c
[0.498s] -- Using all available rosidl_typesupport_cpp: rosidl_typesupport_fastrtps_cpp;rosidl_typesupport_introspection_cpp
[0.522s] -- Found rmw_implementation_cmake: 6.1.2 (/opt/ros/humble/share/rmw_implementation_cmake/cmake)
[0.523s] -- Found rmw_fastrtps_cpp: 6.2.7 (/opt/ros/humble/share/rmw_fastrtps_cpp/cmake)
[0.582s] -- Found OpenSSL: /usr/lib/x86_64-linux-gnu/libcrypto.so (found version "3.0.2")  
[0.598s] -- Found FastRTPS: /opt/ros/humble/include  
[0.623s] -- Using RMW implementation 'rmw_fastrtps_cpp' as default
[0.628s] -- Looking for pthread.h
[0.676s] -- Looking for pthread.h - found
[0.676s] -- Performing Test CMAKE_HAVE_LIBC_PTHREAD
[0.725s] -- Performing Test CMAKE_HAVE_LIBC_PTHREAD - Success
[0.726s] -- Found Threads: TRUE  
[0.753s] -- Found ament_lint_auto: 0.12.11 (/opt/ros/humble/share/ament_lint_auto/cmake)
[0.796s] -- Added test 'cppcheck' to perform static code analysis on C / C++ code
[0.796s] -- Configured cppcheck include dirs: 
[0.796s] -- Configured cppcheck exclude dirs and/or files: 
[0.797s] -- Added test 'lint_cmake' to check CMake code style
[0.797s] -- Added test 'uncrustify' to check C / C++ code style
[0.797s] -- Configured uncrustify additional arguments: 
[0.798s] -- Added test 'xmllint' to check XML markup files
[0.799s] -- Configuring done
[0.806s] -- Generating done
[0.807s] -- Build files have been written to: /home/taishawn/ros2bot_ws/src/build/ros_2_bot_cpp
[0.815s] Invoked command in '/home/taishawn/ros2bot_ws/src/build/ros_2_bot_cpp' returned '0': CMAKE_PREFIX_PATH=${CMAKE_PREFIX_PATH}:/opt/ros/humble /usr/bin/cmake /home/taishawn/ros2bot_ws/src/ros_2_bot_cpp -DCMAKE_INSTALL_PREFIX=/home/taishawn/ros2bot_ws/src/install/ros_2_bot_cpp
[0.816s] Invoking command in '/home/taishawn/ros2bot_ws/src/build/ros_2_bot_cpp': CMAKE_PREFIX_PATH=${CMAKE_PREFIX_PATH}:/opt/ros/humble /usr/bin/cmake --build /home/taishawn/ros2bot_ws/src/build/ros_2_bot_cpp -- -j24 -l24
[0.851s] [ 50%] [32mBuilding CXX object CMakeFiles/simple_subscriber.dir/src/simple_subscriber.cpp.o[0m
[0.851s] [ 50%] [32mBuilding CXX object CMakeFiles/simple_publisher.dir/src/simple_publisher.cpp.o[0m
[3.090s] [ 75%] [32m[1mLinking CXX executable simple_publisher[0m
[3.185s] [ 75%] Built target simple_publisher
[5.098s] [100%] [32m[1mLinking CXX executable simple_subscriber[0m
[5.279s] [100%] Built target simple_subscriber
[5.286s] Invoked command in '/home/taishawn/ros2bot_ws/src/build/ros_2_bot_cpp' returned '0': CMAKE_PREFIX_PATH=${CMAKE_PREFIX_PATH}:/opt/ros/humble /usr/bin/cmake --build /home/taishawn/ros2bot_ws/src/build/ros_2_bot_cpp -- -j24 -l24
[5.308s] Invoking command in '/home/taishawn/ros2bot_ws/src/build/ros_2_bot_cpp': CMAKE_PREFIX_PATH=${CMAKE_PREFIX_PATH}:/opt/ros/humble /usr/bin/cmake --install /home/taishawn/ros2bot_ws/src/build/ros_2_bot_cpp
[5.312s] -- Install configuration: ""
[5.312s] -- Installing: /home/taishawn/ros2bot_ws/src/install/ros_2_bot_cpp/lib/ros_2_bot_cpp/simple_publisher
[5.313s] -- Set runtime path of "/home/taishawn/ros2bot_ws/src/install/ros_2_bot_cpp/lib/ros_2_bot_cpp/simple_publisher" to ""
[5.313s] -- Installing: /home/taishawn/ros2bot_ws/src/install/ros_2_bot_cpp/lib/ros_2_bot_cpp/simple_subscriber
[5.316s] -- Set runtime path of "/home/taishawn/ros2bot_ws/src/install/ros_2_bot_cpp/lib/ros_2_bot_cpp/simple_subscriber" to ""
[5.316s] -- Installing: /home/taishawn/ros2bot_ws/src/install/ros_2_bot_cpp/share/ament_index/resource_index/package_run_dependencies/ros_2_bot_cpp
[5.316s] -- Installing: /home/taishawn/ros2bot_ws/src/install/ros_2_bot_cpp/share/ament_index/resource_index/parent_prefix_path/ros_2_bot_cpp
[5.316s] -- Installing: /home/taishawn/ros2bot_ws/src/install/ros_2_bot_cpp/share/ros_2_bot_cpp/environment/ament_prefix_path.sh
[5.316s] -- Installing: /home/taishawn/ros2bot_ws/src/install/ros_2_bot_cpp/share/ros_2_bot_cpp/environment/ament_prefix_path.dsv
[5.316s] -- Installing: /home/taishawn/ros2bot_ws/src/install/ros_2_bot_cpp/share/ros_2_bot_cpp/environment/path.sh
[5.316s] -- Installing: /home/taishawn/ros2bot_ws/src/install/ros_2_bot_cpp/share/ros_2_bot_cpp/environment/path.dsv
[5.316s] -- Installing: /home/taishawn/ros2bot_ws/src/install/ros_2_bot_cpp/share/ros_2_bot_cpp/local_setup.bash
[5.317s] -- Installing: /home/taishawn/ros2bot_ws/src/install/ros_2_bot_cpp/share/ros_2_bot_cpp/local_setup.sh
[5.317s] -- Installing: /home/taishawn/ros2bot_ws/src/install/ros_2_bot_cpp/share/ros_2_bot_cpp/local_setup.zsh
[5.317s] -- Installing: /home/taishawn/ros2bot_ws/src/install/ros_2_bot_cpp/share/ros_2_bot_cpp/local_setup.dsv
[5.317s] -- Installing: /home/taishawn/ros2bot_ws/src/install/ros_2_bot_cpp/share/ros_2_bot_cpp/package.dsv
[5.317s] -- Installing: /home/taishawn/ros2bot_ws/src/install/ros_2_bot_cpp/share/ament_index/resource_index/packages/ros_2_bot_cpp
[5.317s] -- Installing: /home/taishawn/ros2bot_ws/src/install/ros_2_bot_cpp/share/ros_2_bot_cpp/cmake/ros_2_bot_cppConfig.cmake
[5.317s] -- Installing: /home/taishawn/ros2bot_ws/src/install/ros_2_bot_cpp/share/ros_2_bot_cpp/cmake/ros_2_bot_cppConfig-version.cmake
[5.318s] -- Installing: /home/taishawn/ros2bot_ws/src/install/ros_2_bot_cpp/share/ros_2_bot_cpp/package.xml
[5.319s] Invoked command in '/home/taishawn/ros2bot_ws/src/build/ros_2_bot_cpp' returned '0': CMAKE_PREFIX_PATH=${CMAKE_PREFIX_PATH}:/opt/ros/humble /usr/bin/cmake --install /home/taishawn/ros2bot_ws/src/build/ros_2_bot_cpp
